<?xml version="1.0" encoding="UTF-8"?>
<testsuite xmlns:xsi="http://www.w3.org/2001/XMLSchema-instance" xsi:noNamespaceSchemaLocation="https://maven.apache.org/surefire/maven-surefire-plugin/xsd/surefire-test-report-3.0.xsd" version="3.0" name="TestSuite" time="3296.466" tests="46" errors="0" skipped="0" failures="8">
  <properties>
[...]
</properties>
  <testcase name="testNegativeSignUp[Invalid Email Format, John Doe, invalidemail, Password@123, Password@123](1)" classname="com.automation.tests.SignUpTest" time="31.029">
    <system-out><![CDATA[...
... TestNG 7.8.0 by Cédric Beust (cedric@beust.com)
...

✓ App state reset: App restarted successfully
]]></system-out>
    <system-err><![CDATA[SLF4J: No SLF4J providers were found.
SLF4J: Defaulting to no-operation (NOP) logger implementation
SLF4J: See https://www.slf4j.org/codes.html#noProviders for further details.
]]></system-err>
  </testcase>
  <testcase name="testNegativeSignUp[Empty Name Field, , test@example.com, Password@123, Password@123](2)" classname="com.automation.tests.SignUpTest" time="30.449">
    <system-out><![CDATA[✓ App state reset: App restarted successfully
]]></system-out>
  </testcase>
  <testcase name="testNegativeSignUp[Empty Email Field, John Doe, , Password@123, Password@123](3)" classname="com.automation.tests.SignUpTest" time="28.038">
    <system-out><![CDATA[✓ App state reset: App restarted successfully
]]></system-out>
  </testcase>
  <testcase name="testNegativeSignUp[Empty Password Field, John Doe, test@example.com, , Password@123](4)" classname="com.automation.tests.SignUpTest" time="86.322">
    <system-out><![CDATA[✓ App state reset: App restarted successfully
]]></system-out>
  </testcase>
  <testcase name="testNegativeSignUp[Empty Confirm Password, John Doe, test@example.com, Password@123, ](5)" classname="com.automation.tests.SignUpTest" time="31.12">
    <system-out><![CDATA[✓ App state reset: App restarted successfully
]]></system-out>
  </testcase>
  <testcase name="testNegativeSignUp[Password Mismatch, John Doe, test@example.com, Password@123, DifferentPass@123](6)" classname="com.automation.tests.SignUpTest" time="33.276">
    <system-out><![CDATA[✓ App state reset: App restarted successfully
]]></system-out>
  </testcase>
  <testcase name="testNegativeSignUp[Weak Password, John Doe, test@example.com, 123, 123](7)" classname="com.automation.tests.SignUpTest" time="85.666">
    <system-out><![CDATA[✓ App state reset: App restarted successfully
]]></system-out>
  </testcase>
  <testcase name="testNegativeSignUp[All Fields Empty, , , , ](8)" classname="com.automation.tests.SignUpTest" time="26.82">
    <system-out><![CDATA[✓ App state reset: App restarted successfully
]]></system-out>
  </testcase>
  <testcase name="testNegativeSignUp[Email Without Domain, John Doe, test@, Password@123, Password@123](9)" classname="com.automation.tests.SignUpTest" time="28.786">
    <system-out><![CDATA[✓ App state reset: App restarted successfully
]]></system-out>
  </testcase>
  <testcase name="testNegativeSignUp[Short Password, John Doe, test@example.com, 12, 12](10)" classname="com.automation.tests.SignUpTest" time="85.564">
    <system-out><![CDATA[✓ App state reset: App restarted successfully
]]></system-out>
  </testcase>
  <testcase name="testNegativeSignUp[Only Spaces in Name,    , test@example.com, Password@123, Password@123](11)" classname="com.automation.tests.SignUpTest" time="30.93">
    <system-out><![CDATA[✓ App state reset: App restarted successfully
]]></system-out>
  </testcase>
  <testcase name="testPositiveSignUp" classname="com.automation.tests.SignUpTest" time="92.809">
    <system-out><![CDATA[✓ App state reset: App restarted successfully
]]></system-out>
  </testcase>
  <testcase name="testNegativeSignIn[Invalid Password, testuser@example.com, WrongPass](1)" classname="com.automation.tests.SignInTest" time="17.914">
    <system-out><![CDATA[⏭ Skipping resetAppToHomePage for SignInTest - uses custom navigation
✓ Already on Sign In page
]]></system-out>
  </testcase>
  <testcase name="testNegativeSignIn[Invalid Email Format, testuser, Password@123](2)" classname="com.automation.tests.SignInTest" time="18.198">
    <system-out><![CDATA[⏭ Skipping resetAppToHomePage for SignInTest - uses custom navigation
✓ Already on Sign In page
]]></system-out>
  </testcase>
  <testcase name="testNegativeSignIn[Non-existent Account, notfound@example.com, Password@123](3)" classname="com.automation.tests.SignInTest" time="18.534">
    <system-out><![CDATA[⏭ Skipping resetAppToHomePage for SignInTest - uses custom navigation
✓ Already on Sign In page
]]></system-out>
  </testcase>
  <testcase name="testNegativeSignIn[Empty Email, , Password@123](4)" classname="com.automation.tests.SignInTest" time="111.475">
    <system-out><![CDATA[⏭ Skipping resetAppToHomePage for SignInTest - uses custom navigation
✓ Already on Sign In page
]]></system-out>
  </testcase>
  <testcase name="testNegativeSignIn[Empty Password, testuser@example.com, ](5)" classname="com.automation.tests.SignInTest" time="110.791">
    <system-out><![CDATA[⏭ Skipping resetAppToHomePage for SignInTest - uses custom navigation
✓ Already on Sign In page
]]></system-out>
  </testcase>
  <testcase name="testNegativeSignIn[Both Empty, , ](6)" classname="com.automation.tests.SignInTest" time="109.631">
    <system-out><![CDATA[⏭ Skipping resetAppToHomePage for SignInTest - uses custom navigation
✓ Already on Sign In page
]]></system-out>
  </testcase>
  <testcase name="testNegativeSignIn[Special Characters Email, test@#$%@example.com, Password@123](7)" classname="com.automation.tests.SignInTest" time="19.093">
    <system-out><![CDATA[⏭ Skipping resetAppToHomePage for SignInTest - uses custom navigation
✓ Already on Sign In page
]]></system-out>
  </testcase>
  <testcase name="testPositiveSignIn" classname="com.automation.tests.SignInTest" time="25.473">
    <failure message="Expected to navigate to &apos;LINK DEVICES&apos; page after valid login" type="java.lang.AssertionError"><![CDATA[java.lang.AssertionError: Expected to navigate to 'LINK DEVICES' page after valid login
	at org.testng.Assert.fail(Assert.java:111)
	at com.automation.tests.SignInTest.testPositiveSignIn(SignInTest.java:259)
	at java.base/jdk.internal.reflect.NativeMethodAccessorImpl.invoke0(Native Method)
	at java.base/jdk.internal.reflect.NativeMethodAccessorImpl.invoke(NativeMethodAccessorImpl.java:62)
	at java.base/jdk.internal.reflect.DelegatingMethodAccessorImpl.invoke(DelegatingMethodAccessorImpl.java:43)
	at java.base/java.lang.reflect.Method.invoke(Method.java:566)
	at org.testng.internal.invokers.MethodInvocationHelper.invokeMethod(MethodInvocationHelper.java:139)
	at org.testng.internal.invokers.TestInvoker.invokeMethod(TestInvoker.java:664)
	at org.testng.internal.invokers.TestInvoker.invokeTestMethod(TestInvoker.java:227)
	at org.testng.internal.invokers.MethodRunner.runInSequence(MethodRunner.java:50)
	at org.testng.internal.invokers.TestInvoker$MethodInvocationAgent.invoke(TestInvoker.java:957)
	at org.testng.internal.invokers.TestInvoker.invokeTestMethods(TestInvoker.java:200)
	at org.testng.internal.invokers.TestMethodWorker.invokeTestMethods(TestMethodWorker.java:148)
	at org.testng.internal.invokers.TestMethodWorker.run(TestMethodWorker.java:128)
	at java.base/java.util.ArrayList.forEach(ArrayList.java:1541)
	at org.testng.TestRunner.privateRun(TestRunner.java:848)
	at org.testng.TestRunner.run(TestRunner.java:621)
	at org.testng.SuiteRunner.runTest(SuiteRunner.java:443)
	at org.testng.SuiteRunner.runSequentially(SuiteRunner.java:437)
	at org.testng.SuiteRunner.privateRun(SuiteRunner.java:397)
	at org.testng.SuiteRunner.run(SuiteRunner.java:336)
	at org.testng.SuiteRunnerWorker.runSuite(SuiteRunnerWorker.java:52)
	at org.testng.SuiteRunnerWorker.run(SuiteRunnerWorker.java:95)
	at org.testng.TestNG.runSuitesSequentially(TestNG.java:1280)
	at org.testng.TestNG.runSuitesLocally(TestNG.java:1200)
	at org.testng.TestNG.runSuites(TestNG.java:1114)
	at org.testng.TestNG.run(TestNG.java:1082)
	at org.apache.maven.surefire.testng.TestNGExecutor.run(TestNGExecutor.java:308)
	at org.apache.maven.surefire.testng.TestNGXmlTestSuite.execute(TestNGXmlTestSuite.java:71)
	at org.apache.maven.surefire.testng.TestNGProvider.invoke(TestNGProvider.java:113)
	at org.apache.maven.surefire.booter.ForkedBooter.runSuitesInProcess(ForkedBooter.java:385)
	at org.apache.maven.surefire.booter.ForkedBooter.execute(ForkedBooter.java:162)
	at org.apache.maven.surefire.booter.ForkedBooter.run(ForkedBooter.java:507)
	at org.apache.maven.surefire.booter.ForkedBooter.main(ForkedBooter.java:495)
]]></failure>
    <system-out><![CDATA[⏭ Skipping resetAppToHomePage for SignInTest - uses custom navigation
✓ Already on Sign In page
]]></system-out>
  </testcase>
  <testcase name="testEditProfileWithDateGenderCountry" classname="com.automation.tests.EditProfileTest" time="101.471">
    <system-out><![CDATA[⏭ Skipping resetAppToHomePage for EditProfileTest - uses custom navigation
Successfully swiped SeekBar 1
Successfully swiped SeekBar 2
Could not find or swipe SeekBar at position: 3
Clicked CONFIRM button on date picker
]]></system-out>
  </testcase>
  <testcase name="testNegativeEditProfile[Email Without @, John Doe, testexample.com, 123456789](1)" classname="com.automation.tests.EditProfileTest" time="77.619">
    <system-out><![CDATA[⏭ Skipping resetAppToHomePage for EditProfileTest - uses custom navigation
Successfully swiped SeekBar 1
Successfully swiped SeekBar 2
Could not find or swipe SeekBar at position: 3
Clicked CONFIRM button on date picker
]]></system-out>
  </testcase>
  <testcase name="testNegativeEditProfile[Email Without Domain, John Doe, test@, 123456789](2)" classname="com.automation.tests.EditProfileTest" time="78.539">
    <system-out><![CDATA[⏭ Skipping resetAppToHomePage for EditProfileTest - uses custom navigation
Successfully swiped SeekBar 1
Successfully swiped SeekBar 2
Could not find or swipe SeekBar at position: 3
Clicked CONFIRM button on date picker
]]></system-out>
  </testcase>
  <testcase name="testNegativeEditProfile[Invalid Phone - Letters, John Doe, test@example.com, abcdefgh](3)" classname="com.automation.tests.EditProfileTest" time="77.732">
    <system-out><![CDATA[⏭ Skipping resetAppToHomePage for EditProfileTest - uses custom navigation
Successfully swiped SeekBar 1
Successfully swiped SeekBar 2
Could not find or swipe SeekBar at position: 3
Clicked CONFIRM button on date picker
]]></system-out>
  </testcase>
  <testcase name="testNegativeEditProfile[Short Phone Number, John Doe, test@example.com, 12](4)" classname="com.automation.tests.EditProfileTest" time="79.043">
    <system-out><![CDATA[⏭ Skipping resetAppToHomePage for EditProfileTest - uses custom navigation
Successfully swiped SeekBar 1
Successfully swiped SeekBar 2
Could not find or swipe SeekBar at position: 3
Clicked CONFIRM button on date picker
]]></system-out>
  </testcase>
  <testcase name="testNegativeEditProfile[Invalid Email Format, John Doe, invalidemail, 123456789](5)" classname="com.automation.tests.EditProfileTest" time="78.353">
    <system-out><![CDATA[⏭ Skipping resetAppToHomePage for EditProfileTest - uses custom navigation
Successfully swiped SeekBar 1
Successfully swiped SeekBar 2
Could not find or swipe SeekBar at position: 3
Clicked CONFIRM button on date picker
]]></system-out>
  </testcase>
  <testcase name="testNegativeEditProfile[Empty Name Field, , test@example.com, 123456789](6)" classname="com.automation.tests.EditProfileTest" time="79.342">
    <system-out><![CDATA[⏭ Skipping resetAppToHomePage for EditProfileTest - uses custom navigation
Successfully swiped SeekBar 1
Successfully swiped SeekBar 2
Could not find or swipe SeekBar at position: 3
Clicked CONFIRM button on date picker
]]></system-out>
  </testcase>
  <testcase name="testNegativeEditProfile[Empty Email Field, John Doe, , 123456789](7)" classname="com.automation.tests.EditProfileTest" time="79.392">
    <system-out><![CDATA[⏭ Skipping resetAppToHomePage for EditProfileTest - uses custom navigation
Successfully swiped SeekBar 1
Successfully swiped SeekBar 2
Could not find or swipe SeekBar at position: 3
Clicked CONFIRM button on date picker
]]></system-out>
  </testcase>
  <testcase name="testNegativeEditProfile[Empty Phone Number, John Doe, test@example.com, ](8)" classname="com.automation.tests.EditProfileTest" time="69.888">
    <system-out><![CDATA[⏭ Skipping resetAppToHomePage for EditProfileTest - uses custom navigation
Successfully swiped SeekBar 1
Successfully swiped SeekBar 2
Could not find or swipe SeekBar at position: 3
Clicked CONFIRM button on date picker
]]></system-out>
  </testcase>
  <testcase name="testChangePassword[Wrong Old Password Validation, Testing@2025, Testing@2026, Testing@2026, //android.view.View[@content-desc=&apos;Wrong password. Please enter correct password&apos;]](1)" classname="com.automation.tests.EditProfileTest" time="69.073">
    <system-out><![CDATA[⏭ Skipping resetAppToHomePage for EditProfileTest - uses custom navigation
]]></system-out>
  </testcase>
  <testcase name="testChangePassword[Weak Password Validation, Testing@2026, test2026, test2026, //android.view.View[@content-desc=&apos;Use at least 8 characters with uppercase, lowercase, number, and special symbol.&apos;]](2)" classname="com.automation.tests.EditProfileTest" time="69.584">
    <system-out><![CDATA[⏭ Skipping resetAppToHomePage for EditProfileTest - uses custom navigation
]]></system-out>
  </testcase>
  <testcase name="testChangePassword[Same Old and New Password Validation, Testing@2026, Testing@2026, Testing@2026, //android.view.View[@content-desc=&apos;Current and new password cannot be the same.&apos;]](3)" classname="com.automation.tests.EditProfileTest" time="68.431">
    <system-out><![CDATA[⏭ Skipping resetAppToHomePage for EditProfileTest - uses custom navigation
]]></system-out>
  </testcase>
  <testcase name="testChangePassword[Valid Change Password, Testing@2026, Human@2026, Human@2026, SUCCESS](4)" classname="com.automation.tests.EditProfileTest" time="71.391">
    <system-out><![CDATA[⏭ Skipping resetAppToHomePage for EditProfileTest - uses custom navigation
]]></system-out>
  </testcase>
  <testcase name="testScheduleTimeAndFileCreation" classname="com.automation.tests.DailyPrescriptionTest" time="72.13">
    <failure message="Test execution failed: Add to File radio icon not found" type="java.lang.AssertionError"><![CDATA[java.lang.AssertionError: Test execution failed: Add to File radio icon not found
	at org.testng.Assert.fail(Assert.java:111)
	at com.automation.tests.DailyPrescriptionTest.testScheduleTimeAndFileCreation(DailyPrescriptionTest.java:183)
	at java.base/jdk.internal.reflect.NativeMethodAccessorImpl.invoke0(Native Method)
	at java.base/jdk.internal.reflect.NativeMethodAccessorImpl.invoke(NativeMethodAccessorImpl.java:62)
	at java.base/jdk.internal.reflect.DelegatingMethodAccessorImpl.invoke(DelegatingMethodAccessorImpl.java:43)
	at java.base/java.lang.reflect.Method.invoke(Method.java:566)
	at org.testng.internal.invokers.MethodInvocationHelper.invokeMethod(MethodInvocationHelper.java:139)
	at org.testng.internal.invokers.TestInvoker.invokeMethod(TestInvoker.java:664)
	at org.testng.internal.invokers.TestInvoker.invokeTestMethod(TestInvoker.java:227)
	at org.testng.internal.invokers.MethodRunner.runInSequence(MethodRunner.java:50)
	at org.testng.internal.invokers.TestInvoker$MethodInvocationAgent.invoke(TestInvoker.java:957)
	at org.testng.internal.invokers.TestInvoker.invokeTestMethods(TestInvoker.java:200)
	at org.testng.internal.invokers.TestMethodWorker.invokeTestMethods(TestMethodWorker.java:148)
	at org.testng.internal.invokers.TestMethodWorker.run(TestMethodWorker.java:128)
	at java.base/java.util.ArrayList.forEach(ArrayList.java:1541)
	at org.testng.TestRunner.privateRun(TestRunner.java:848)
	at org.testng.TestRunner.run(TestRunner.java:621)
	at org.testng.SuiteRunner.runTest(SuiteRunner.java:443)
	at org.testng.SuiteRunner.runSequentially(SuiteRunner.java:437)
	at org.testng.SuiteRunner.privateRun(SuiteRunner.java:397)
	at org.testng.SuiteRunner.run(SuiteRunner.java:336)
	at org.testng.SuiteRunnerWorker.runSuite(SuiteRunnerWorker.java:52)
	at org.testng.SuiteRunnerWorker.run(SuiteRunnerWorker.java:95)
	at org.testng.TestNG.runSuitesSequentially(TestNG.java:1280)
	at org.testng.TestNG.runSuitesLocally(TestNG.java:1200)
	at org.testng.TestNG.runSuites(TestNG.java:1114)
	at org.testng.TestNG.run(TestNG.java:1082)
	at org.apache.maven.surefire.testng.TestNGExecutor.run(TestNGExecutor.java:308)
	at org.apache.maven.surefire.testng.TestNGXmlTestSuite.execute(TestNGXmlTestSuite.java:71)
	at org.apache.maven.surefire.testng.TestNGProvider.invoke(TestNGProvider.java:113)
	at org.apache.maven.surefire.booter.ForkedBooter.runSuitesInProcess(ForkedBooter.java:385)
	at org.apache.maven.surefire.booter.ForkedBooter.execute(ForkedBooter.java:162)
	at org.apache.maven.surefire.booter.ForkedBooter.run(ForkedBooter.java:507)
	at org.apache.maven.surefire.booter.ForkedBooter.main(ForkedBooter.java:495)
]]></failure>
    <system-out><![CDATA[✓ App state reset: App restarted successfully
Single Swipe: Targeting ScrollView picker at (110, 1017) with size (860, 275)
Performing Swipe Left...
Performing Swipe Right...
Tapping article at coordinates: 304, 717
Warning: Could not confirm article detail page via 'min read' tag
Strategy 1 failed, trying Strategy 2...
Strategy 2 failed: An element could not be located on the page using the given search parameters.
For documentation on this error, please visit: https://www.selenium.dev/documentation/webdriver/troubleshooting/errors#no-such-element-exception
Build info: version: '4.13.0', revision: 'ba948ece5b*'
System info: os.name: 'Linux', os.arch: 'amd64', os.version: '6.14.0-37-generic', java.version: '11.0.29'
Driver info: io.appium.java_client.android.AndroidDriver
Command: [1476a006-5962-43ef-a08e-dbe7c54707ed, findElement {using=xpath, value=(//android.widget.ScrollView//android.view.View[@content-desc!=''])[2]}]
Capabilities {appium:appActivity: .MainActivity, appium:appPackage: com.houseofepigenetics.abch..., appium:automationName: UiAutomator2, appium:databaseEnabled: false, appium:desired: {appActivity: .MainActivity, appPackage: com.houseofepigenetics.abch..., automationName: UiAutomator2, deviceName: 1dc3d76f, disableWindowAnimation: true, ignoreHiddenApiPolicyError: true, newCommandTimeout: 300, noReset: true, noSign: true, platformName: ANDROID, skipUnlock: true}, appium:deviceApiLevel: 35, appium:deviceManufacturer: vivo, appium:deviceModel: V2404, appium:deviceName: 10BE9K224M001TD, appium:deviceScreenDensity: 440, appium:deviceScreenSize: 1080x2392, appium:deviceUDID: 10BE9K224M001TD, appium:disableWindowAnimation: true, appium:ignoreHiddenApiPolicyError: true, appium:javascriptEnabled: true, appium:locationContextEnabled: false, appium:networkConnectionEnabled: true, appium:newCommandTimeout: 300, appium:noReset: true, appium:noSign: true, appium:pixelRatio: 2.75, appium:platformVersion: 15, appium:skipUnlock: true, appium:statBarHeight: 105, appium:takesScreenshot: true, appium:viewportRect: {height: 2287, left: 0, top: 105, width: 1080}, appium:warnings: {}, appium:webStorageEnabled: false, platformName: ANDROID}
Session ID: 1476a006-5962-43ef-a08e-dbe7c54707ed
]]></system-out>
    <system-err><![CDATA[java.lang.RuntimeException: Add to File radio icon not found
	at com.automation.pages.DailyPrescriptionPage.clickAddToFileRadioIcon(DailyPrescriptionPage.java:298)
	at com.automation.tests.DailyPrescriptionTest.testScheduleTimeAndFileCreation(DailyPrescriptionTest.java:109)
	at java.base/jdk.internal.reflect.NativeMethodAccessorImpl.invoke0(Native Method)
	at java.base/jdk.internal.reflect.NativeMethodAccessorImpl.invoke(NativeMethodAccessorImpl.java:62)
	at java.base/jdk.internal.reflect.DelegatingMethodAccessorImpl.invoke(DelegatingMethodAccessorImpl.java:43)
	at java.base/java.lang.reflect.Method.invoke(Method.java:566)
	at org.testng.internal.invokers.MethodInvocationHelper.invokeMethod(MethodInvocationHelper.java:139)
	at org.testng.internal.invokers.TestInvoker.invokeMethod(TestInvoker.java:664)
	at org.testng.internal.invokers.TestInvoker.invokeTestMethod(TestInvoker.java:227)
	at org.testng.internal.invokers.MethodRunner.runInSequence(MethodRunner.java:50)
	at org.testng.internal.invokers.TestInvoker$MethodInvocationAgent.invoke(TestInvoker.java:957)
	at org.testng.internal.invokers.TestInvoker.invokeTestMethods(TestInvoker.java:200)
	at org.testng.internal.invokers.TestMethodWorker.invokeTestMethods(TestMethodWorker.java:148)
	at org.testng.internal.invokers.TestMethodWorker.run(TestMethodWorker.java:128)
	at java.base/java.util.ArrayList.forEach(ArrayList.java:1541)
	at org.testng.TestRunner.privateRun(TestRunner.java:848)
	at org.testng.TestRunner.run(TestRunner.java:621)
	at org.testng.SuiteRunner.runTest(SuiteRunner.java:443)
	at org.testng.SuiteRunner.runSequentially(SuiteRunner.java:437)
	at org.testng.SuiteRunner.privateRun(SuiteRunner.java:397)
	at org.testng.SuiteRunner.run(SuiteRunner.java:336)
	at org.testng.SuiteRunnerWorker.runSuite(SuiteRunnerWorker.java:52)
	at org.testng.SuiteRunnerWorker.run(SuiteRunnerWorker.java:95)
	at org.testng.TestNG.runSuitesSequentially(TestNG.java:1280)
	at org.testng.TestNG.runSuitesLocally(TestNG.java:1200)
	at org.testng.TestNG.runSuites(TestNG.java:1114)
	at org.testng.TestNG.run(TestNG.java:1082)
	at org.apache.maven.surefire.testng.TestNGExecutor.run(TestNGExecutor.java:308)
	at org.apache.maven.surefire.testng.TestNGXmlTestSuite.execute(TestNGXmlTestSuite.java:71)
	at org.apache.maven.surefire.testng.TestNGProvider.invoke(TestNGProvider.java:113)
	at org.apache.maven.surefire.booter.ForkedBooter.runSuitesInProcess(ForkedBooter.java:385)
	at org.apache.maven.surefire.booter.ForkedBooter.execute(ForkedBooter.java:162)
	at org.apache.maven.surefire.booter.ForkedBooter.run(ForkedBooter.java:507)
	at org.apache.maven.surefire.booter.ForkedBooter.main(ForkedBooter.java:495)
Caused by: org.openqa.selenium.TimeoutException: Expected condition failed: waiting for element to be clickable: By.xpath: //android.widget.ScrollView/android.view.View[4] (tried for 10 second(s) with 500 milliseconds interval)
Build info: version: '4.13.0', revision: 'ba948ece5b*'
System info: os.name: 'Linux', os.arch: 'amd64', os.version: '6.14.0-37-generic', java.version: '11.0.29'
Driver info: io.appium.java_client.android.AndroidDriver
Capabilities {appium:appActivity: .MainActivity, appium:appPackage: com.houseofepigenetics.abch..., appium:automationName: UiAutomator2, appium:databaseEnabled: false, appium:desired: {appActivity: .MainActivity, appPackage: com.houseofepigenetics.abch..., automationName: UiAutomator2, deviceName: 1dc3d76f, disableWindowAnimation: true, ignoreHiddenApiPolicyError: true, newCommandTimeout: 300, noReset: true, noSign: true, platformName: ANDROID, skipUnlock: true}, appium:deviceApiLevel: 35, appium:deviceManufacturer: vivo, appium:deviceModel: V2404, appium:deviceName: 10BE9K224M001TD, appium:deviceScreenDensity: 440, appium:deviceScreenSize: 1080x2392, appium:deviceUDID: 10BE9K224M001TD, appium:disableWindowAnimation: true, appium:ignoreHiddenApiPolicyError: true, appium:javascriptEnabled: true, appium:locationContextEnabled: false, appium:networkConnectionEnabled: true, appium:newCommandTimeout: 300, appium:noReset: true, appium:noSign: true, appium:pixelRatio: 2.75, appium:platformVersion: 15, appium:skipUnlock: true, appium:statBarHeight: 105, appium:takesScreenshot: true, appium:viewportRect: {height: 2287, left: 0, top: 105, width: 1080}, appium:warnings: {}, appium:webStorageEnabled: false, platformName: ANDROID}
Session ID: 1476a006-5962-43ef-a08e-dbe7c54707ed
	at org.openqa.selenium.support.ui.WebDriverWait.timeoutException(WebDriverWait.java:84)
	at org.openqa.selenium.support.ui.FluentWait.until(FluentWait.java:230)
	at com.automation.pages.DailyPrescriptionPage.clickAddToFileRadioIcon(DailyPrescriptionPage.java:291)
	... 33 more
]]></system-err>
  </testcase>
  <testcase name="testScheduleTimeAndFileCreation" classname="com.automation.tests.DailyPrescriptionTest" time="14.963">
    <failure message="Home page validation failed - DAILY PRIORITY heading not displayed" type="java.lang.AssertionError"><![CDATA[java.lang.AssertionError: Home page validation failed - DAILY PRIORITY heading not displayed
	at org.testng.Assert.fail(Assert.java:111)
	at com.automation.tests.DailyPrescriptionTest.testScheduleTimeAndFileCreation(DailyPrescriptionTest.java:25)
	at java.base/jdk.internal.reflect.NativeMethodAccessorImpl.invoke0(Native Method)
	at java.base/jdk.internal.reflect.NativeMethodAccessorImpl.invoke(NativeMethodAccessorImpl.java:62)
	at java.base/jdk.internal.reflect.DelegatingMethodAccessorImpl.invoke(DelegatingMethodAccessorImpl.java:43)
	at java.base/java.lang.reflect.Method.invoke(Method.java:566)
	at org.testng.internal.invokers.MethodInvocationHelper.invokeMethod(MethodInvocationHelper.java:139)
	at org.testng.internal.invokers.TestInvoker.invokeMethod(TestInvoker.java:664)
	at org.testng.internal.invokers.TestInvoker.invokeTestMethod(TestInvoker.java:227)
	at org.testng.internal.invokers.MethodRunner.runInSequence(MethodRunner.java:50)
	at org.testng.internal.invokers.TestInvoker$MethodInvocationAgent.invoke(TestInvoker.java:957)
	at org.testng.internal.invokers.TestInvoker.invokeTestMethods(TestInvoker.java:200)
	at org.testng.internal.invokers.TestMethodWorker.invokeTestMethods(TestMethodWorker.java:148)
	at org.testng.internal.invokers.TestMethodWorker.run(TestMethodWorker.java:128)
	at java.base/java.util.ArrayList.forEach(ArrayList.java:1541)
	at org.testng.TestRunner.privateRun(TestRunner.java:848)
	at org.testng.TestRunner.run(TestRunner.java:621)
	at org.testng.SuiteRunner.runTest(SuiteRunner.java:443)
	at org.testng.SuiteRunner.runSequentially(SuiteRunner.java:437)
	at org.testng.SuiteRunner.privateRun(SuiteRunner.java:397)
	at org.testng.SuiteRunner.run(SuiteRunner.java:336)
	at org.testng.SuiteRunnerWorker.runSuite(SuiteRunnerWorker.java:52)
	at org.testng.SuiteRunnerWorker.run(SuiteRunnerWorker.java:95)
	at org.testng.TestNG.runSuitesSequentially(TestNG.java:1280)
	at org.testng.TestNG.runSuitesLocally(TestNG.java:1200)
	at org.testng.TestNG.runSuites(TestNG.java:1114)
	at org.testng.TestNG.run(TestNG.java:1082)
	at org.apache.maven.surefire.testng.TestNGExecutor.run(TestNGExecutor.java:308)
	at org.apache.maven.surefire.testng.TestNGXmlTestSuite.execute(TestNGXmlTestSuite.java:71)
	at org.apache.maven.surefire.testng.TestNGProvider.invoke(TestNGProvider.java:113)
	at org.apache.maven.surefire.booter.ForkedBooter.runSuitesInProcess(ForkedBooter.java:385)
	at org.apache.maven.surefire.booter.ForkedBooter.execute(ForkedBooter.java:162)
	at org.apache.maven.surefire.booter.ForkedBooter.run(ForkedBooter.java:507)
	at org.apache.maven.surefire.booter.ForkedBooter.main(ForkedBooter.java:495)
]]></failure>
    <system-out><![CDATA[✓ App state reset: App restarted successfully
]]></system-out>
  </testcase>
  <testcase name="testDataBank_Case1" classname="com.automation.tests.DataBankTest" time="183.033">
    <system-out><![CDATA[✓ App state reset: App restarted successfully
✓ Step 3: Clicked 'DATA BANK' button
✓ Step 3: Verified 'DATA BANK' heading is displayed
✓ Step 4: Clicked 'PACKAGES & PRICING'
✓ Clicked 'CONTINUE' button
✓ Step 6: Clicked checkbox
✓ Clicked 'CONTINUE' button
✓ Step 7: CONTINUE button clicked (Test)
Step 8: Starting Verify BAG page...
✓ Step 8: BAG page is displayed
✓ Step 8: BAG page verified (Test)
✓ Step 9: Clicked Essential Epigenetics dropdown
✓ Step 10: Clicked PROCEED TO CHECKOUT button
✓ Step 11: CHECKOUT page is displayed
✓ Step 11: Delivery Address is displayed
✓ Step 12: Filled name field with: Kathir
Step 13: Clicking DOB field using stable instance(15) selector...
  ✓ Keyboard hidden
✓ Step 13: DOB field clicked (Instance 15)
Successfully swiped SeekBar 1
Successfully swiped SeekBar 2
Could not find or swipe SeekBar at position: 3
Clicked CONFIRM button on date picker
Step 13: Selecting gender...
  ✓ Keyboard hidden
✓ Step 13: Gender element (or fallback) clicked
✓ Step 13: Gender selection completed (Male)
Step 14: Country selection attempt 1 of 3
  - Typed 'India' in search box
  ✓ Clicked India (+91) Button
✓ Step 14: Country code validation passed (+91)
✓ Step 15: Filled phone number: 1234568
  ✓ Keyboard hidden
✓ Step 16: Filled address: 5/1029,KTG
  ✓ Keyboard hidden
✓ Step 17: Filled city: Coimbatore
  ✓ Keyboard hidden
✓ Step 18: Clicked country dropdown
✓ Step 18: Selected India
✓ Step 19: Filled postal code (wrong): kahsw
  ✓ Keyboard hidden
✓ Step 20: Clicked SAVE ADDRESS button
✓ Step 21: Error dialog 'FIX THE FOLLOWING ERRORS' is displayed
✓ Clicked 'OK' button
Step 22: Attempt 1 to click DOB field via dynamic bounds...
  ✓ Keyboard hidden
✓ Step 22: DOB field tapped via Dynamic Bounds [55,741][1025,917] at (540, 829)
✓ Step 22: Clicked DOB field via Dynamic Bounds
Step 22: Searching for any year < 2005...
✓ Step 22: Found and selected year 2004
✓ Step 22: Clicked CONFIRM button
✓ Step 23: Filled correct phone number: 8072971990
  ✓ Keyboard hidden
✓ Step 24: Filled correct postal code: 643217
  ✓ Keyboard hidden
✓ Step 20: Clicked SAVE ADDRESS button
✓ Step 26: Shipping Method is displayed
✓ Step 27: Clicked PROCEED TO PAYMENT button
✓ Step 27: Waited 9 seconds
✓ Step 29: Clicked Close sheet
✓ Step 30: PAYMENT ERROR dialog is displayed
✓ Step 30: Payment error message captured: Please try again later
✓ Step 31: Clicked OK button
✓ Step 32: Clicked Retry Payment button
✓ Step 32: Waited 9 seconds
✓ Step 32: Payment page is displayed
]]></system-out>
  </testcase>
  <testcase name="testDataBank_Case2" classname="com.automation.tests.DataBankTest" time="39.136">
    <failure message="Failed to navigate file picker or select file in Step 8" type="java.lang.RuntimeException"><![CDATA[java.lang.RuntimeException: Failed to navigate file picker or select file in Step 8
	at com.automation.pages.DataBankPage.uploadWrongFormatFile(DataBankPage.java:293)
	at com.automation.tests.DataBankTest.testDataBank_Case2(DataBankTest.java:370)
	at java.base/jdk.internal.reflect.NativeMethodAccessorImpl.invoke0(Native Method)
	at java.base/jdk.internal.reflect.NativeMethodAccessorImpl.invoke(NativeMethodAccessorImpl.java:62)
	at java.base/jdk.internal.reflect.DelegatingMethodAccessorImpl.invoke(DelegatingMethodAccessorImpl.java:43)
	at java.base/java.lang.reflect.Method.invoke(Method.java:566)
	at org.testng.internal.invokers.MethodInvocationHelper.invokeMethod(MethodInvocationHelper.java:139)
	at org.testng.internal.invokers.TestInvoker.invokeMethod(TestInvoker.java:664)
	at org.testng.internal.invokers.TestInvoker.invokeTestMethod(TestInvoker.java:227)
	at org.testng.internal.invokers.MethodRunner.runInSequence(MethodRunner.java:50)
	at org.testng.internal.invokers.TestInvoker$MethodInvocationAgent.invoke(TestInvoker.java:957)
	at org.testng.internal.invokers.TestInvoker.invokeTestMethods(TestInvoker.java:200)
	at org.testng.internal.invokers.TestMethodWorker.invokeTestMethods(TestMethodWorker.java:148)
	at org.testng.internal.invokers.TestMethodWorker.run(TestMethodWorker.java:128)
	at java.base/java.util.ArrayList.forEach(ArrayList.java:1541)
	at org.testng.TestRunner.privateRun(TestRunner.java:848)
	at org.testng.TestRunner.run(TestRunner.java:621)
	at org.testng.SuiteRunner.runTest(SuiteRunner.java:443)
	at org.testng.SuiteRunner.runSequentially(SuiteRunner.java:437)
	at org.testng.SuiteRunner.privateRun(SuiteRunner.java:397)
	at org.testng.SuiteRunner.run(SuiteRunner.java:336)
	at org.testng.SuiteRunnerWorker.runSuite(SuiteRunnerWorker.java:52)
	at org.testng.SuiteRunnerWorker.run(SuiteRunnerWorker.java:95)
	at org.testng.TestNG.runSuitesSequentially(TestNG.java:1280)
	at org.testng.TestNG.runSuitesLocally(TestNG.java:1200)
	at org.testng.TestNG.runSuites(TestNG.java:1114)
	at org.testng.TestNG.run(TestNG.java:1082)
	at org.apache.maven.surefire.testng.TestNGExecutor.run(TestNGExecutor.java:308)
	at org.apache.maven.surefire.testng.TestNGXmlTestSuite.execute(TestNGXmlTestSuite.java:71)
	at org.apache.maven.surefire.testng.TestNGProvider.invoke(TestNGProvider.java:113)
	at org.apache.maven.surefire.booter.ForkedBooter.runSuitesInProcess(ForkedBooter.java:385)
	at org.apache.maven.surefire.booter.ForkedBooter.execute(ForkedBooter.java:162)
	at org.apache.maven.surefire.booter.ForkedBooter.run(ForkedBooter.java:507)
	at org.apache.maven.surefire.booter.ForkedBooter.main(ForkedBooter.java:495)
Caused by: org.openqa.selenium.TimeoutException: Expected condition failed: waiting for element to be clickable: By.xpath: //android.widget.TextView[@text='Download'] (tried for 10 second(s) with 500 milliseconds interval)
Build info: version: '4.13.0', revision: 'ba948ece5b*'
System info: os.name: 'Linux', os.arch: 'amd64', os.version: '6.14.0-37-generic', java.version: '11.0.29'
Driver info: io.appium.java_client.android.AndroidDriver
Capabilities {appium:appActivity: .MainActivity, appium:appPackage: com.houseofepigenetics.abch..., appium:automationName: UiAutomator2, appium:databaseEnabled: false, appium:desired: {appActivity: .MainActivity, appPackage: com.houseofepigenetics.abch..., automationName: UiAutomator2, deviceName: 1dc3d76f, disableWindowAnimation: true, ignoreHiddenApiPolicyError: true, newCommandTimeout: 300, noReset: true, noSign: true, platformName: ANDROID, skipUnlock: true}, appium:deviceApiLevel: 35, appium:deviceManufacturer: vivo, appium:deviceModel: V2404, appium:deviceName: 10BE9K224M001TD, appium:deviceScreenDensity: 440, appium:deviceScreenSize: 1080x2392, appium:deviceUDID: 10BE9K224M001TD, appium:disableWindowAnimation: true, appium:ignoreHiddenApiPolicyError: true, appium:javascriptEnabled: true, appium:locationContextEnabled: false, appium:networkConnectionEnabled: true, appium:newCommandTimeout: 300, appium:noReset: true, appium:noSign: true, appium:pixelRatio: 2.75, appium:platformVersion: 15, appium:skipUnlock: true, appium:statBarHeight: 105, appium:takesScreenshot: true, appium:viewportRect: {height: 2287, left: 0, top: 105, width: 1080}, appium:warnings: {}, appium:webStorageEnabled: false, platformName: ANDROID}
Session ID: a3f95959-52f8-4647-b2ae-f3acdc3f3303
	at org.openqa.selenium.support.ui.WebDriverWait.timeoutException(WebDriverWait.java:84)
	at org.openqa.selenium.support.ui.FluentWait.until(FluentWait.java:230)
	at com.automation.pages.DataBankPage.uploadWrongFormatFile(DataBankPage.java:267)
	... 33 more
]]></failure>
    <system-out><![CDATA[✓ App state reset: App restarted successfully
✓ Step 3: Clicked 'DATA BANK' button
✓ Step 3: Verified 'DATA BANK' heading is displayed
✓ Step 4: Clicked 'UPLOAD DATA'
✓ Step 5: Clicked 'UPLOAD REPORT' button
✓ Step 6: Clicked checkbox
✓ Clicked 'CONTINUE' button
✓ Step 8: Navigating Android file picker to select JPG file
  - Opened storage menu
  - Already in Internal storage
]]></system-out>
  </testcase>
  <testcase name="testDataBank_Case3" classname="com.automation.tests.DataBankTest" time="13.536">
    <failure message="Home page validation failed - DAILY PRIORITY heading not displayed" type="java.lang.AssertionError"><![CDATA[java.lang.AssertionError: Home page validation failed - DAILY PRIORITY heading not displayed
	at org.testng.Assert.fail(Assert.java:111)
	at com.automation.tests.DataBankTest.testDataBank_Case3(DataBankTest.java:482)
	at java.base/jdk.internal.reflect.NativeMethodAccessorImpl.invoke0(Native Method)
	at java.base/jdk.internal.reflect.NativeMethodAccessorImpl.invoke(NativeMethodAccessorImpl.java:62)
	at java.base/jdk.internal.reflect.DelegatingMethodAccessorImpl.invoke(DelegatingMethodAccessorImpl.java:43)
	at java.base/java.lang.reflect.Method.invoke(Method.java:566)
	at org.testng.internal.invokers.MethodInvocationHelper.invokeMethod(MethodInvocationHelper.java:139)
	at org.testng.internal.invokers.TestInvoker.invokeMethod(TestInvoker.java:664)
	at org.testng.internal.invokers.TestInvoker.invokeTestMethod(TestInvoker.java:227)
	at org.testng.internal.invokers.MethodRunner.runInSequence(MethodRunner.java:50)
	at org.testng.internal.invokers.TestInvoker$MethodInvocationAgent.invoke(TestInvoker.java:957)
	at org.testng.internal.invokers.TestInvoker.invokeTestMethods(TestInvoker.java:200)
	at org.testng.internal.invokers.TestMethodWorker.invokeTestMethods(TestMethodWorker.java:148)
	at org.testng.internal.invokers.TestMethodWorker.run(TestMethodWorker.java:128)
	at java.base/java.util.ArrayList.forEach(ArrayList.java:1541)
	at org.testng.TestRunner.privateRun(TestRunner.java:848)
	at org.testng.TestRunner.run(TestRunner.java:621)
	at org.testng.SuiteRunner.runTest(SuiteRunner.java:443)
	at org.testng.SuiteRunner.runSequentially(SuiteRunner.java:437)
	at org.testng.SuiteRunner.privateRun(SuiteRunner.java:397)
	at org.testng.SuiteRunner.run(SuiteRunner.java:336)
	at org.testng.SuiteRunnerWorker.runSuite(SuiteRunnerWorker.java:52)
	at org.testng.SuiteRunnerWorker.run(SuiteRunnerWorker.java:95)
	at org.testng.TestNG.runSuitesSequentially(TestNG.java:1280)
	at org.testng.TestNG.runSuitesLocally(TestNG.java:1200)
	at org.testng.TestNG.runSuites(TestNG.java:1114)
	at org.testng.TestNG.run(TestNG.java:1082)
	at org.apache.maven.surefire.testng.TestNGExecutor.run(TestNGExecutor.java:308)
	at org.apache.maven.surefire.testng.TestNGXmlTestSuite.execute(TestNGXmlTestSuite.java:71)
	at org.apache.maven.surefire.testng.TestNGProvider.invoke(TestNGProvider.java:113)
	at org.apache.maven.surefire.booter.ForkedBooter.runSuitesInProcess(ForkedBooter.java:385)
	at org.apache.maven.surefire.booter.ForkedBooter.execute(ForkedBooter.java:162)
	at org.apache.maven.surefire.booter.ForkedBooter.run(ForkedBooter.java:507)
	at org.apache.maven.surefire.booter.ForkedBooter.main(ForkedBooter.java:495)
]]></failure>
    <system-out><![CDATA[✓ App state reset: App restarted successfully
]]></system-out>
  </testcase>
  <testcase name="testDataBank_Case4" classname="com.automation.tests.DataBankTest" time="47.012">
    <failure message="Failed to navigate to/verify Data Bank in Step 3" type="java.lang.RuntimeException"><![CDATA[java.lang.RuntimeException: Failed to navigate to/verify Data Bank in Step 3
	at com.automation.pages.DataBankPage.clickAndVerifyDataBank(DataBankPage.java:146)
	at com.automation.tests.DataBankTest.testDataBank_Case4(DataBankTest.java:621)
	at java.base/jdk.internal.reflect.NativeMethodAccessorImpl.invoke0(Native Method)
	at java.base/jdk.internal.reflect.NativeMethodAccessorImpl.invoke(NativeMethodAccessorImpl.java:62)
	at java.base/jdk.internal.reflect.DelegatingMethodAccessorImpl.invoke(DelegatingMethodAccessorImpl.java:43)
	at java.base/java.lang.reflect.Method.invoke(Method.java:566)
	at org.testng.internal.invokers.MethodInvocationHelper.invokeMethod(MethodInvocationHelper.java:139)
	at org.testng.internal.invokers.TestInvoker.invokeMethod(TestInvoker.java:664)
	at org.testng.internal.invokers.TestInvoker.invokeTestMethod(TestInvoker.java:227)
	at org.testng.internal.invokers.MethodRunner.runInSequence(MethodRunner.java:50)
	at org.testng.internal.invokers.TestInvoker$MethodInvocationAgent.invoke(TestInvoker.java:957)
	at org.testng.internal.invokers.TestInvoker.invokeTestMethods(TestInvoker.java:200)
	at org.testng.internal.invokers.TestMethodWorker.invokeTestMethods(TestMethodWorker.java:148)
	at org.testng.internal.invokers.TestMethodWorker.run(TestMethodWorker.java:128)
	at java.base/java.util.ArrayList.forEach(ArrayList.java:1541)
	at org.testng.TestRunner.privateRun(TestRunner.java:848)
	at org.testng.TestRunner.run(TestRunner.java:621)
	at org.testng.SuiteRunner.runTest(SuiteRunner.java:443)
	at org.testng.SuiteRunner.runSequentially(SuiteRunner.java:437)
	at org.testng.SuiteRunner.privateRun(SuiteRunner.java:397)
	at org.testng.SuiteRunner.run(SuiteRunner.java:336)
	at org.testng.SuiteRunnerWorker.runSuite(SuiteRunnerWorker.java:52)
	at org.testng.SuiteRunnerWorker.run(SuiteRunnerWorker.java:95)
	at org.testng.TestNG.runSuitesSequentially(TestNG.java:1280)
	at org.testng.TestNG.runSuitesLocally(TestNG.java:1200)
	at org.testng.TestNG.runSuites(TestNG.java:1114)
	at org.testng.TestNG.run(TestNG.java:1082)
	at org.apache.maven.surefire.testng.TestNGExecutor.run(TestNGExecutor.java:308)
	at org.apache.maven.surefire.testng.TestNGXmlTestSuite.execute(TestNGXmlTestSuite.java:71)
	at org.apache.maven.surefire.testng.TestNGProvider.invoke(TestNGProvider.java:113)
	at org.apache.maven.surefire.booter.ForkedBooter.runSuitesInProcess(ForkedBooter.java:385)
	at org.apache.maven.surefire.booter.ForkedBooter.execute(ForkedBooter.java:162)
	at org.apache.maven.surefire.booter.ForkedBooter.run(ForkedBooter.java:507)
	at org.apache.maven.surefire.booter.ForkedBooter.main(ForkedBooter.java:495)
Caused by: org.openqa.selenium.TimeoutException: Expected condition failed: waiting for element to be clickable: By.xpath: //android.view.View[@content-desc="DATA BANK"] (tried for 10 second(s) with 500 milliseconds interval)
Build info: version: '4.13.0', revision: 'ba948ece5b*'
System info: os.name: 'Linux', os.arch: 'amd64', os.version: '6.14.0-37-generic', java.version: '11.0.29'
Driver info: io.appium.java_client.android.AndroidDriver
Capabilities {appium:appActivity: .MainActivity, appium:appPackage: com.houseofepigenetics.abch..., appium:automationName: UiAutomator2, appium:databaseEnabled: false, appium:desired: {appActivity: .MainActivity, appPackage: com.houseofepigenetics.abch..., automationName: UiAutomator2, deviceName: 1dc3d76f, disableWindowAnimation: true, ignoreHiddenApiPolicyError: true, newCommandTimeout: 300, noReset: true, noSign: true, platformName: ANDROID, skipUnlock: true}, appium:deviceApiLevel: 35, appium:deviceManufacturer: vivo, appium:deviceModel: V2404, appium:deviceName: 10BE9K224M001TD, appium:deviceScreenDensity: 440, appium:deviceScreenSize: 1080x2392, appium:deviceUDID: 10BE9K224M001TD, appium:disableWindowAnimation: true, appium:ignoreHiddenApiPolicyError: true, appium:javascriptEnabled: true, appium:locationContextEnabled: false, appium:networkConnectionEnabled: true, appium:newCommandTimeout: 300, appium:noReset: true, appium:noSign: true, appium:pixelRatio: 2.75, appium:platformVersion: 15, appium:skipUnlock: true, appium:statBarHeight: 105, appium:takesScreenshot: true, appium:viewportRect: {height: 2287, left: 0, top: 105, width: 1080}, appium:warnings: {}, appium:webStorageEnabled: false, platformName: ANDROID}
Session ID: 8be5e62d-ef7d-4965-9f5b-a9efc4b951e4
	at org.openqa.selenium.support.ui.WebDriverWait.timeoutException(WebDriverWait.java:84)
	at org.openqa.selenium.support.ui.FluentWait.until(FluentWait.java:230)
	at com.automation.pages.DataBankPage.clickAndVerifyDataBank(DataBankPage.java:130)
	... 33 more
]]></failure>
    <system-out><![CDATA[✓ App state reset: App restarted successfully
]]></system-out>
  </testcase>
  <testcase name="testAbChopraHouse_Case1" classname="com.automation.tests.AbChopraHouseTest" time="38.719">
    <failure message="AB CHOPRA HOUSE button not found" type="java.lang.RuntimeException"><![CDATA[java.lang.RuntimeException: AB CHOPRA HOUSE button not found
	at com.automation.pages.AbChopraHousePage.clickAbChopraHouse(AbChopraHousePage.java:126)
	at com.automation.tests.AbChopraHouseTest.testAbChopraHouse_Case1(AbChopraHouseTest.java:82)
	at java.base/jdk.internal.reflect.NativeMethodAccessorImpl.invoke0(Native Method)
	at java.base/jdk.internal.reflect.NativeMethodAccessorImpl.invoke(NativeMethodAccessorImpl.java:62)
	at java.base/jdk.internal.reflect.DelegatingMethodAccessorImpl.invoke(DelegatingMethodAccessorImpl.java:43)
	at java.base/java.lang.reflect.Method.invoke(Method.java:566)
	at org.testng.internal.invokers.MethodInvocationHelper.invokeMethod(MethodInvocationHelper.java:139)
	at org.testng.internal.invokers.TestInvoker.invokeMethod(TestInvoker.java:664)
	at org.testng.internal.invokers.TestInvoker.invokeTestMethod(TestInvoker.java:227)
	at org.testng.internal.invokers.MethodRunner.runInSequence(MethodRunner.java:50)
	at org.testng.internal.invokers.TestInvoker$MethodInvocationAgent.invoke(TestInvoker.java:957)
	at org.testng.internal.invokers.TestInvoker.invokeTestMethods(TestInvoker.java:200)
	at org.testng.internal.invokers.TestMethodWorker.invokeTestMethods(TestMethodWorker.java:148)
	at org.testng.internal.invokers.TestMethodWorker.run(TestMethodWorker.java:128)
	at java.base/java.util.ArrayList.forEach(ArrayList.java:1541)
	at org.testng.TestRunner.privateRun(TestRunner.java:848)
	at org.testng.TestRunner.run(TestRunner.java:621)
	at org.testng.SuiteRunner.runTest(SuiteRunner.java:443)
	at org.testng.SuiteRunner.runSequentially(SuiteRunner.java:437)
	at org.testng.SuiteRunner.privateRun(SuiteRunner.java:397)
	at org.testng.SuiteRunner.run(SuiteRunner.java:336)
	at org.testng.SuiteRunnerWorker.runSuite(SuiteRunnerWorker.java:52)
	at org.testng.SuiteRunnerWorker.run(SuiteRunnerWorker.java:95)
	at org.testng.TestNG.runSuitesSequentially(TestNG.java:1280)
	at org.testng.TestNG.runSuitesLocally(TestNG.java:1200)
	at org.testng.TestNG.runSuites(TestNG.java:1114)
	at org.testng.TestNG.run(TestNG.java:1082)
	at org.apache.maven.surefire.testng.TestNGExecutor.run(TestNGExecutor.java:308)
	at org.apache.maven.surefire.testng.TestNGXmlTestSuite.execute(TestNGXmlTestSuite.java:71)
	at org.apache.maven.surefire.testng.TestNGProvider.invoke(TestNGProvider.java:113)
	at org.apache.maven.surefire.booter.ForkedBooter.runSuitesInProcess(ForkedBooter.java:385)
	at org.apache.maven.surefire.booter.ForkedBooter.execute(ForkedBooter.java:162)
	at org.apache.maven.surefire.booter.ForkedBooter.run(ForkedBooter.java:507)
	at org.apache.maven.surefire.booter.ForkedBooter.main(ForkedBooter.java:495)
Caused by: org.openqa.selenium.TimeoutException: Expected condition failed: waiting for element to be clickable: By.xpath: //android.view.View[@content-desc="AB CHOPRA HOUSE"] (tried for 10 second(s) with 500 milliseconds interval)
Build info: version: '4.13.0', revision: 'ba948ece5b*'
System info: os.name: 'Linux', os.arch: 'amd64', os.version: '6.14.0-37-generic', java.version: '11.0.29'
Driver info: io.appium.java_client.android.AndroidDriver
Capabilities {appium:appActivity: .MainActivity, appium:appPackage: com.houseofepigenetics.abch..., appium:automationName: UiAutomator2, appium:databaseEnabled: false, appium:desired: {appActivity: .MainActivity, appPackage: com.houseofepigenetics.abch..., automationName: UiAutomator2, deviceName: 1dc3d76f, disableWindowAnimation: true, ignoreHiddenApiPolicyError: true, newCommandTimeout: 300, noReset: true, noSign: true, platformName: ANDROID, skipUnlock: true}, appium:deviceApiLevel: 35, appium:deviceManufacturer: vivo, appium:deviceModel: V2404, appium:deviceName: 10BE9K224M001TD, appium:deviceScreenDensity: 440, appium:deviceScreenSize: 1080x2392, appium:deviceUDID: 10BE9K224M001TD, appium:disableWindowAnimation: true, appium:ignoreHiddenApiPolicyError: true, appium:javascriptEnabled: true, appium:locationContextEnabled: false, appium:networkConnectionEnabled: true, appium:newCommandTimeout: 300, appium:noReset: true, appium:noSign: true, appium:pixelRatio: 2.75, appium:platformVersion: 15, appium:skipUnlock: true, appium:statBarHeight: 105, appium:takesScreenshot: true, appium:viewportRect: {height: 2287, left: 0, top: 105, width: 1080}, appium:warnings: {}, appium:webStorageEnabled: false, platformName: ANDROID}
Session ID: 67653846-3e81-44d3-b731-b8e74eeacaa6
	at org.openqa.selenium.support.ui.WebDriverWait.timeoutException(WebDriverWait.java:84)
	at org.openqa.selenium.support.ui.FluentWait.until(FluentWait.java:230)
	at com.automation.pages.AbChopraHousePage.clickAbChopraHouse(AbChopraHousePage.java:123)
	... 33 more
]]></failure>
    <system-out><![CDATA[✓ App state reset: App restarted successfully
]]></system-out>
  </testcase>
  <testcase name="testMyOrders_TrackOrder" classname="com.automation.tests.ProfileTest" time="41.617">
    <system-out><![CDATA[✓ App state reset: App restarted successfully
]]></system-out>
  </testcase>
  <testcase name="testMyOrders_SendSample" classname="com.automation.tests.ProfileTest" time="49.204">
    <system-out><![CDATA[✓ App state reset: App restarted successfully
]]></system-out>
  </testcase>
  <testcase name="testHelpSupport_AllSections" classname="com.automation.tests.ProfileTest" time="72.096">
    <system-out><![CDATA[✓ App state reset: App restarted successfully
]]></system-out>
  </testcase>
  <testcase name="testLegalInformation_AllSections" classname="com.automation.tests.ProfileTest" time="46.756">
    <system-out><![CDATA[✓ App state reset: App restarted successfully
]]></system-out>
  </testcase>
  <testcase name="testLogout" classname="com.automation.tests.ProfileTest" time="35.1">
    <system-out><![CDATA[✓ App state reset: App restarted successfully
]]></system-out>
  </testcase>
  <testcase name="testForgotPasswordFlow" classname="com.automation.tests.ForgotPasswordTest" time="202.864">
    <failure message="SIGN IN page should be displayed expected [true] but found [false]" type="java.lang.AssertionError"><![CDATA[java.lang.AssertionError: SIGN IN page should be displayed expected [true] but found [false]
	at org.testng.Assert.fail(Assert.java:111)
	at org.testng.Assert.failNotEquals(Assert.java:1578)
	at org.testng.Assert.assertTrue(Assert.java:57)
	at com.automation.tests.ForgotPasswordTest.testForgotPasswordFlow(ForgotPasswordTest.java:337)
	at java.base/jdk.internal.reflect.NativeMethodAccessorImpl.invoke0(Native Method)
	at java.base/jdk.internal.reflect.NativeMethodAccessorImpl.invoke(NativeMethodAccessorImpl.java:62)
	at java.base/jdk.internal.reflect.DelegatingMethodAccessorImpl.invoke(DelegatingMethodAccessorImpl.java:43)
	at java.base/java.lang.reflect.Method.invoke(Method.java:566)
	at org.testng.internal.invokers.MethodInvocationHelper.invokeMethod(MethodInvocationHelper.java:139)
	at org.testng.internal.invokers.TestInvoker.invokeMethod(TestInvoker.java:664)
	at org.testng.internal.invokers.TestInvoker.invokeTestMethod(TestInvoker.java:227)
	at org.testng.internal.invokers.MethodRunner.runInSequence(MethodRunner.java:50)
	at org.testng.internal.invokers.TestInvoker$MethodInvocationAgent.invoke(TestInvoker.java:957)
	at org.testng.internal.invokers.TestInvoker.invokeTestMethods(TestInvoker.java:200)
	at org.testng.internal.invokers.TestMethodWorker.invokeTestMethods(TestMethodWorker.java:148)
	at org.testng.internal.invokers.TestMethodWorker.run(TestMethodWorker.java:128)
	at java.base/java.util.ArrayList.forEach(ArrayList.java:1541)
	at org.testng.TestRunner.privateRun(TestRunner.java:848)
	at org.testng.TestRunner.run(TestRunner.java:621)
	at org.testng.SuiteRunner.runTest(SuiteRunner.java:443)
	at org.testng.SuiteRunner.runSequentially(SuiteRunner.java:437)
	at org.testng.SuiteRunner.privateRun(SuiteRunner.java:397)
	at org.testng.SuiteRunner.run(SuiteRunner.java:336)
	at org.testng.SuiteRunnerWorker.runSuite(SuiteRunnerWorker.java:52)
	at org.testng.SuiteRunnerWorker.run(SuiteRunnerWorker.java:95)
	at org.testng.TestNG.runSuitesSequentially(TestNG.java:1280)
	at org.testng.TestNG.runSuitesLocally(TestNG.java:1200)
	at org.testng.TestNG.runSuites(TestNG.java:1114)
	at org.testng.TestNG.run(TestNG.java:1082)
	at org.apache.maven.surefire.testng.TestNGExecutor.run(TestNGExecutor.java:308)
	at org.apache.maven.surefire.testng.TestNGXmlTestSuite.execute(TestNGXmlTestSuite.java:71)
	at org.apache.maven.surefire.testng.TestNGProvider.invoke(TestNGProvider.java:113)
	at org.apache.maven.surefire.booter.ForkedBooter.runSuitesInProcess(ForkedBooter.java:385)
	at org.apache.maven.surefire.booter.ForkedBooter.execute(ForkedBooter.java:162)
	at org.apache.maven.surefire.booter.ForkedBooter.run(ForkedBooter.java:507)
	at org.apache.maven.surefire.booter.ForkedBooter.main(ForkedBooter.java:495)
]]></failure>
    <system-out><![CDATA[✓ App state reset: App restarted successfully
Wait for app to load...
✓ App loaded on Sign In page
✓ Cleared OTP field 6
✓ Cleared OTP field 5
✓ Cleared OTP field 4
✓ Cleared OTP field 3
✓ Cleared OTP field 2
✓ Cleared OTP field 1
]]></system-out>
  </testcase>
</testsuite>