<?xml version="1.0" encoding="UTF-8"?>
<testsuite xmlns:xsi="http://www.w3.org/2001/XMLSchema-instance" xsi:noNamespaceSchemaLocation="https://maven.apache.org/surefire/maven-surefire-plugin/xsd/surefire-test-report-3.0.xsd" version="3.0" name="com.automation.tests.EditProfileTest" time="1463.794" tests="12" errors="0" skipped="0" failures="0">
  <properties>
[...]
</properties>
  <testcase name="testNegativeEditProfile[Email Without @, John Doe, testexample.com, 123456789](1)" classname="com.automation.tests.EditProfileTest" time="170.337">
    <system-out><![CDATA[⏭ Skipping resetAppToHomePage for EditProfileTest - uses custom navigation
Clicked SKIP FOR NOW using Accessibility ID.
Wellbeing Dashboard clicked (newline content-desc)
Clicked profile image icon.
Clicked CHOOSE FROM GALLERY.
Selected gallery image.
Clicked crop/confirm button.
Clicked OK button.
Clicked profile image icon.
Clicked REMOVE PHOTO.
Clicked OK button.
Standard click failed for Date of Birth. Attempting fallback tap via date text...
Fallback tap successful for Date of Birth (matched by '/' in text).
Successfully swiped SeekBar 1
Successfully swiped SeekBar 2
Successfully swiped SeekBar 3
Clicked CONFIRM button on date picker
Standard click failed for Gender. Attempting fallback...
Clicked Gender via Male ImageView fallback.
Hint XPath failed for Phone Number. Attempting numeric-text fallback...
Entered phone number using numeric-text fallback XPath.
]]></system-out>
    <system-err><![CDATA[SLF4J: No SLF4J providers were found.
SLF4J: Defaulting to no-operation (NOP) logger implementation
SLF4J: See https://www.slf4j.org/codes.html#noProviders for further details.
]]></system-err>
  </testcase>
  <testcase name="testNegativeEditProfile[Email Without Domain, John Doe, test@, 123456789](2)" classname="com.automation.tests.EditProfileTest" time="120.744">
    <system-out><![CDATA[⏭ Skipping resetAppToHomePage for EditProfileTest - uses custom navigation
Wellbeing Dashboard clicked (newline content-desc)
Standard click failed for Date of Birth. Attempting fallback tap via date text...
Fallback tap successful for Date of Birth (matched by '/' in text).
Successfully swiped SeekBar 1
Successfully swiped SeekBar 2
Successfully swiped SeekBar 3
Clicked CONFIRM button on date picker
Standard click failed for Gender. Attempting fallback...
Clicked Gender via Male ImageView fallback.
Hint XPath failed for Phone Number. Attempting numeric-text fallback...
Entered phone number using numeric-text fallback XPath.
]]></system-out>
  </testcase>
  <testcase name="testNegativeEditProfile[Invalid Phone - Letters, John Doe, test@example.com, abcdefgh](3)" classname="com.automation.tests.EditProfileTest" time="119.623">
    <system-out><![CDATA[⏭ Skipping resetAppToHomePage for EditProfileTest - uses custom navigation
Wellbeing Dashboard clicked (newline content-desc)
Standard click failed for Date of Birth. Attempting fallback tap via date text...
Fallback tap successful for Date of Birth (matched by '/' in text).
Successfully swiped SeekBar 1
Successfully swiped SeekBar 2
Successfully swiped SeekBar 3
Clicked CONFIRM button on date picker
Standard click failed for Gender. Attempting fallback...
Clicked Gender via Male ImageView fallback.
Hint XPath failed for Phone Number. Attempting numeric-text fallback...
Entered phone number using numeric-text fallback XPath.
]]></system-out>
  </testcase>
  <testcase name="testNegativeEditProfile[Short Phone Number, John Doe, test@example.com, 12](4)" classname="com.automation.tests.EditProfileTest" time="119.392">
    <system-out><![CDATA[⏭ Skipping resetAppToHomePage for EditProfileTest - uses custom navigation
Wellbeing Dashboard clicked (newline content-desc)
Standard click failed for Date of Birth. Attempting fallback tap via date text...
Fallback tap successful for Date of Birth (matched by '/' in text).
Successfully swiped SeekBar 1
Successfully swiped SeekBar 2
Successfully swiped SeekBar 3
Clicked CONFIRM button on date picker
Standard click failed for Gender. Attempting fallback...
Clicked Gender via Male ImageView fallback.
Hint XPath failed for Phone Number. Attempting numeric-text fallback...
Entered phone number using numeric-text fallback XPath.
]]></system-out>
  </testcase>
  <testcase name="testNegativeEditProfile[Invalid Email Format, John Doe, invalidemail, 123456789](5)" classname="com.automation.tests.EditProfileTest" time="119.61">
    <system-out><![CDATA[⏭ Skipping resetAppToHomePage for EditProfileTest - uses custom navigation
Wellbeing Dashboard clicked (newline content-desc)
Standard click failed for Date of Birth. Attempting fallback tap via date text...
Fallback tap successful for Date of Birth (matched by '/' in text).
Successfully swiped SeekBar 1
Successfully swiped SeekBar 2
Successfully swiped SeekBar 3
Clicked CONFIRM button on date picker
Standard click failed for Gender. Attempting fallback...
Clicked Gender via Male ImageView fallback.
Hint XPath failed for Phone Number. Attempting numeric-text fallback...
Entered phone number using numeric-text fallback XPath.
]]></system-out>
  </testcase>
  <testcase name="testNegativeEditProfile[Empty Name Field, , test@example.com, 123456789](6)" classname="com.automation.tests.EditProfileTest" time="118.631">
    <system-out><![CDATA[⏭ Skipping resetAppToHomePage for EditProfileTest - uses custom navigation
Wellbeing Dashboard clicked (newline content-desc)
Standard click failed for Date of Birth. Attempting fallback tap via date text...
Fallback tap successful for Date of Birth (matched by '/' in text).
Successfully swiped SeekBar 1
Successfully swiped SeekBar 2
Successfully swiped SeekBar 3
Clicked CONFIRM button on date picker
Standard click failed for Gender. Attempting fallback...
Clicked Gender via Male ImageView fallback.
Hint XPath failed for Phone Number. Attempting numeric-text fallback...
Entered phone number using numeric-text fallback XPath.
]]></system-out>
  </testcase>
  <testcase name="testNegativeEditProfile[Empty Email Field, John Doe, , 123456789](7)" classname="com.automation.tests.EditProfileTest" time="118.962">
    <system-out><![CDATA[⏭ Skipping resetAppToHomePage for EditProfileTest - uses custom navigation
Wellbeing Dashboard clicked (newline content-desc)
Standard click failed for Date of Birth. Attempting fallback tap via date text...
Fallback tap successful for Date of Birth (matched by '/' in text).
Successfully swiped SeekBar 1
Successfully swiped SeekBar 2
Successfully swiped SeekBar 3
Clicked CONFIRM button on date picker
Standard click failed for Gender. Attempting fallback...
Clicked Gender via Male ImageView fallback.
Hint XPath failed for Phone Number. Attempting numeric-text fallback...
Entered phone number using numeric-text fallback XPath.
]]></system-out>
  </testcase>
  <testcase name="testNegativeEditProfile[Empty Phone Number, John Doe, test@example.com, ](8)" classname="com.automation.tests.EditProfileTest" time="98.641">
    <system-out><![CDATA[⏭ Skipping resetAppToHomePage for EditProfileTest - uses custom navigation
Wellbeing Dashboard clicked (newline content-desc)
Standard click failed for Date of Birth. Attempting fallback tap via date text...
Fallback tap successful for Date of Birth (matched by '/' in text).
Successfully swiped SeekBar 1
Successfully swiped SeekBar 2
Successfully swiped SeekBar 3
Clicked CONFIRM button on date picker
Standard click failed for Gender. Attempting fallback...
Clicked Gender via Male ImageView fallback.
Hint XPath failed for Phone Number. Attempting numeric-text fallback...
Entered phone number using numeric-text fallback XPath.
]]></system-out>
  </testcase>
  <testcase name="testChangePassword[Wrong Old Password Validation, Testing@2025, Human@2026, Human@2026, //android.view.View[@content-desc=&apos;Wrong password. Please enter correct password.&apos;]](1)" classname="com.automation.tests.EditProfileTest" time="92.895">
    <system-out><![CDATA[⏭ Skipping resetAppToHomePage for EditProfileTest - uses custom navigation
Strategy 1 (AccessibilityId) failed for SKIP FOR NOW: Expected condition failed: waiting for element to be clickable: AppiumBy.accessibilityId: SKIP FOR NOW (tried for 10 second(s) with 500 milliseconds interval)
Build info: version: '4.13.0', revision: 'ba948ece5b*'
System info: os.name: 'Linux', os.arch: 'amd64', os.version: '6.14.0-37-generic', java.version: '11.0.29'
Driver info: io.appium.java_client.android.AndroidDriver
Capabilities {appium:appActivity: .MainActivity, appium:appPackage: com.houseofepigenetics.abch..., appium:automationName: UiAutomator2, appium:databaseEnabled: false, appium:desired: {appActivity: .MainActivity, appPackage: com.houseofepigenetics.abch..., automationName: UiAutomator2, deviceName: 1dc3d76f, disableWindowAnimation: true, ignoreHiddenApiPolicyError: true, newCommandTimeout: 300, noReset: true, noSign: true, platformName: ANDROID, skipUnlock: true}, appium:deviceApiLevel: 35, appium:deviceManufacturer: Xiaomi, appium:deviceModel: 24116RNC1I, appium:deviceName: 1dc3d76f, appium:deviceScreenDensity: 320, appium:deviceScreenSize: 720x1640, appium:deviceUDID: 1dc3d76f, appium:disableWindowAnimation: true, appium:ignoreHiddenApiPolicyError: true, appium:javascriptEnabled: true, appium:locationContextEnabled: false, appium:networkConnectionEnabled: true, appium:newCommandTimeout: 300, appium:noReset: true, appium:noSign: true, appium:pixelRatio: 2, appium:platformVersion: 15, appium:skipUnlock: true, appium:statBarHeight: 68, appium:takesScreenshot: true, appium:viewportRect: {height: 1572, left: 0, top: 68, width: 720}, appium:warnings: {}, appium:webStorageEnabled: false, platformName: ANDROID}
Session ID: fd5efbb8-5762-49cd-ba55-b3517df0f1e8
Strategy 2 (XPath click) failed for SKIP FOR NOW: Expected condition failed: waiting for element to be clickable: By.xpath: //android.widget.Button[@content-desc='SKIP FOR NOW'] (tried for 10 second(s) with 500 milliseconds interval)
Build info: version: '4.13.0', revision: 'ba948ece5b*'
System info: os.name: 'Linux', os.arch: 'amd64', os.version: '6.14.0-37-generic', java.version: '11.0.29'
Driver info: io.appium.java_client.android.AndroidDriver
Capabilities {appium:appActivity: .MainActivity, appium:appPackage: com.houseofepigenetics.abch..., appium:automationName: UiAutomator2, appium:databaseEnabled: false, appium:desired: {appActivity: .MainActivity, appPackage: com.houseofepigenetics.abch..., automationName: UiAutomator2, deviceName: 1dc3d76f, disableWindowAnimation: true, ignoreHiddenApiPolicyError: true, newCommandTimeout: 300, noReset: true, noSign: true, platformName: ANDROID, skipUnlock: true}, appium:deviceApiLevel: 35, appium:deviceManufacturer: Xiaomi, appium:deviceModel: 24116RNC1I, appium:deviceName: 1dc3d76f, appium:deviceScreenDensity: 320, appium:deviceScreenSize: 720x1640, appium:deviceUDID: 1dc3d76f, appium:disableWindowAnimation: true, appium:ignoreHiddenApiPolicyError: true, appium:javascriptEnabled: true, appium:locationContextEnabled: false, appium:networkConnectionEnabled: true, appium:newCommandTimeout: 300, appium:noReset: true, appium:noSign: true, appium:pixelRatio: 2, appium:platformVersion: 15, appium:skipUnlock: true, appium:statBarHeight: 68, appium:takesScreenshot: true, appium:viewportRect: {height: 1572, left: 0, top: 68, width: 720}, appium:warnings: {}, appium:webStorageEnabled: false, platformName: ANDROID}
Session ID: fd5efbb8-5762-49cd-ba55-b3517df0f1e8
Strategy 3 (W3C tap) failed for SKIP FOR NOW: Expected condition failed: waiting for presence of element located by: By.xpath: //android.widget.Button[@content-desc='SKIP FOR NOW'] (tried for 10 second(s) with 500 milliseconds interval)
Clicked SKIP FOR NOW using coordinate tap (360, 1391).
Wellbeing Dashboard clicked (newline content-desc)
]]></system-out>
  </testcase>
  <testcase name="testChangePassword[Weak Password Validation, Human@2026, test2026, test2026, //android.view.View[@content-desc=&apos;Use at least 8 characters with uppercase, lowercase, number, and special symbol.&apos;]](2)" classname="com.automation.tests.EditProfileTest" time="93.914">
    <system-out><![CDATA[⏭ Skipping resetAppToHomePage for EditProfileTest - uses custom navigation
Strategy 1 (AccessibilityId) failed for SKIP FOR NOW: Expected condition failed: waiting for element to be clickable: AppiumBy.accessibilityId: SKIP FOR NOW (tried for 10 second(s) with 500 milliseconds interval)
Build info: version: '4.13.0', revision: 'ba948ece5b*'
System info: os.name: 'Linux', os.arch: 'amd64', os.version: '6.14.0-37-generic', java.version: '11.0.29'
Driver info: io.appium.java_client.android.AndroidDriver
Capabilities {appium:appActivity: .MainActivity, appium:appPackage: com.houseofepigenetics.abch..., appium:automationName: UiAutomator2, appium:databaseEnabled: false, appium:desired: {appActivity: .MainActivity, appPackage: com.houseofepigenetics.abch..., automationName: UiAutomator2, deviceName: 1dc3d76f, disableWindowAnimation: true, ignoreHiddenApiPolicyError: true, newCommandTimeout: 300, noReset: true, noSign: true, platformName: ANDROID, skipUnlock: true}, appium:deviceApiLevel: 35, appium:deviceManufacturer: Xiaomi, appium:deviceModel: 24116RNC1I, appium:deviceName: 1dc3d76f, appium:deviceScreenDensity: 320, appium:deviceScreenSize: 720x1640, appium:deviceUDID: 1dc3d76f, appium:disableWindowAnimation: true, appium:ignoreHiddenApiPolicyError: true, appium:javascriptEnabled: true, appium:locationContextEnabled: false, appium:networkConnectionEnabled: true, appium:newCommandTimeout: 300, appium:noReset: true, appium:noSign: true, appium:pixelRatio: 2, appium:platformVersion: 15, appium:skipUnlock: true, appium:statBarHeight: 68, appium:takesScreenshot: true, appium:viewportRect: {height: 1572, left: 0, top: 68, width: 720}, appium:warnings: {}, appium:webStorageEnabled: false, platformName: ANDROID}
Session ID: bfb6332f-cf27-4ce7-83db-99b6201055b0
Strategy 2 (XPath click) failed for SKIP FOR NOW: Expected condition failed: waiting for element to be clickable: By.xpath: //android.widget.Button[@content-desc='SKIP FOR NOW'] (tried for 10 second(s) with 500 milliseconds interval)
Build info: version: '4.13.0', revision: 'ba948ece5b*'
System info: os.name: 'Linux', os.arch: 'amd64', os.version: '6.14.0-37-generic', java.version: '11.0.29'
Driver info: io.appium.java_client.android.AndroidDriver
Capabilities {appium:appActivity: .MainActivity, appium:appPackage: com.houseofepigenetics.abch..., appium:automationName: UiAutomator2, appium:databaseEnabled: false, appium:desired: {appActivity: .MainActivity, appPackage: com.houseofepigenetics.abch..., automationName: UiAutomator2, deviceName: 1dc3d76f, disableWindowAnimation: true, ignoreHiddenApiPolicyError: true, newCommandTimeout: 300, noReset: true, noSign: true, platformName: ANDROID, skipUnlock: true}, appium:deviceApiLevel: 35, appium:deviceManufacturer: Xiaomi, appium:deviceModel: 24116RNC1I, appium:deviceName: 1dc3d76f, appium:deviceScreenDensity: 320, appium:deviceScreenSize: 720x1640, appium:deviceUDID: 1dc3d76f, appium:disableWindowAnimation: true, appium:ignoreHiddenApiPolicyError: true, appium:javascriptEnabled: true, appium:locationContextEnabled: false, appium:networkConnectionEnabled: true, appium:newCommandTimeout: 300, appium:noReset: true, appium:noSign: true, appium:pixelRatio: 2, appium:platformVersion: 15, appium:skipUnlock: true, appium:statBarHeight: 68, appium:takesScreenshot: true, appium:viewportRect: {height: 1572, left: 0, top: 68, width: 720}, appium:warnings: {}, appium:webStorageEnabled: false, platformName: ANDROID}
Session ID: bfb6332f-cf27-4ce7-83db-99b6201055b0
Strategy 3 (W3C tap) failed for SKIP FOR NOW: Expected condition failed: waiting for presence of element located by: By.xpath: //android.widget.Button[@content-desc='SKIP FOR NOW'] (tried for 10 second(s) with 500 milliseconds interval)
Clicked SKIP FOR NOW using coordinate tap (360, 1391).
Wellbeing Dashboard clicked (newline content-desc)
]]></system-out>
  </testcase>
  <testcase name="testChangePassword[Same Old and New Password Validation, Human@2026, Human@2026, Human@2026, //android.view.View[@content-desc=&apos;Current and new password cannot be the same.&apos;]](3)" classname="com.automation.tests.EditProfileTest" time="93.047">
    <system-out><![CDATA[⏭ Skipping resetAppToHomePage for EditProfileTest - uses custom navigation
Strategy 1 (AccessibilityId) failed for SKIP FOR NOW: Expected condition failed: waiting for element to be clickable: AppiumBy.accessibilityId: SKIP FOR NOW (tried for 10 second(s) with 500 milliseconds interval)
Build info: version: '4.13.0', revision: 'ba948ece5b*'
System info: os.name: 'Linux', os.arch: 'amd64', os.version: '6.14.0-37-generic', java.version: '11.0.29'
Driver info: io.appium.java_client.android.AndroidDriver
Capabilities {appium:appActivity: .MainActivity, appium:appPackage: com.houseofepigenetics.abch..., appium:automationName: UiAutomator2, appium:databaseEnabled: false, appium:desired: {appActivity: .MainActivity, appPackage: com.houseofepigenetics.abch..., automationName: UiAutomator2, deviceName: 1dc3d76f, disableWindowAnimation: true, ignoreHiddenApiPolicyError: true, newCommandTimeout: 300, noReset: true, noSign: true, platformName: ANDROID, skipUnlock: true}, appium:deviceApiLevel: 35, appium:deviceManufacturer: Xiaomi, appium:deviceModel: 24116RNC1I, appium:deviceName: 1dc3d76f, appium:deviceScreenDensity: 320, appium:deviceScreenSize: 720x1640, appium:deviceUDID: 1dc3d76f, appium:disableWindowAnimation: true, appium:ignoreHiddenApiPolicyError: true, appium:javascriptEnabled: true, appium:locationContextEnabled: false, appium:networkConnectionEnabled: true, appium:newCommandTimeout: 300, appium:noReset: true, appium:noSign: true, appium:pixelRatio: 2, appium:platformVersion: 15, appium:skipUnlock: true, appium:statBarHeight: 68, appium:takesScreenshot: true, appium:viewportRect: {height: 1572, left: 0, top: 68, width: 720}, appium:warnings: {}, appium:webStorageEnabled: false, platformName: ANDROID}
Session ID: 21b24eb5-a379-48c0-844b-384e6f235b3e
Strategy 2 (XPath click) failed for SKIP FOR NOW: Expected condition failed: waiting for element to be clickable: By.xpath: //android.widget.Button[@content-desc='SKIP FOR NOW'] (tried for 10 second(s) with 500 milliseconds interval)
Build info: version: '4.13.0', revision: 'ba948ece5b*'
System info: os.name: 'Linux', os.arch: 'amd64', os.version: '6.14.0-37-generic', java.version: '11.0.29'
Driver info: io.appium.java_client.android.AndroidDriver
Capabilities {appium:appActivity: .MainActivity, appium:appPackage: com.houseofepigenetics.abch..., appium:automationName: UiAutomator2, appium:databaseEnabled: false, appium:desired: {appActivity: .MainActivity, appPackage: com.houseofepigenetics.abch..., automationName: UiAutomator2, deviceName: 1dc3d76f, disableWindowAnimation: true, ignoreHiddenApiPolicyError: true, newCommandTimeout: 300, noReset: true, noSign: true, platformName: ANDROID, skipUnlock: true}, appium:deviceApiLevel: 35, appium:deviceManufacturer: Xiaomi, appium:deviceModel: 24116RNC1I, appium:deviceName: 1dc3d76f, appium:deviceScreenDensity: 320, appium:deviceScreenSize: 720x1640, appium:deviceUDID: 1dc3d76f, appium:disableWindowAnimation: true, appium:ignoreHiddenApiPolicyError: true, appium:javascriptEnabled: true, appium:locationContextEnabled: false, appium:networkConnectionEnabled: true, appium:newCommandTimeout: 300, appium:noReset: true, appium:noSign: true, appium:pixelRatio: 2, appium:platformVersion: 15, appium:skipUnlock: true, appium:statBarHeight: 68, appium:takesScreenshot: true, appium:viewportRect: {height: 1572, left: 0, top: 68, width: 720}, appium:warnings: {}, appium:webStorageEnabled: false, platformName: ANDROID}
Session ID: 21b24eb5-a379-48c0-844b-384e6f235b3e
Strategy 3 (W3C tap) failed for SKIP FOR NOW: Expected condition failed: waiting for presence of element located by: By.xpath: //android.widget.Button[@content-desc='SKIP FOR NOW'] (tried for 10 second(s) with 500 milliseconds interval)
Clicked SKIP FOR NOW using coordinate tap (360, 1391).
Wellbeing Dashboard clicked (newline content-desc)
]]></system-out>
  </testcase>
  <testcase name="testChangePassword[Valid Change Password, Human@2026, Testing@2026, Testing@2026, SUCCESS](4)" classname="com.automation.tests.EditProfileTest" time="94.363">
    <system-out><![CDATA[⏭ Skipping resetAppToHomePage for EditProfileTest - uses custom navigation
Strategy 1 (AccessibilityId) failed for SKIP FOR NOW: Expected condition failed: waiting for element to be clickable: AppiumBy.accessibilityId: SKIP FOR NOW (tried for 10 second(s) with 500 milliseconds interval)
Build info: version: '4.13.0', revision: 'ba948ece5b*'
System info: os.name: 'Linux', os.arch: 'amd64', os.version: '6.14.0-37-generic', java.version: '11.0.29'
Driver info: io.appium.java_client.android.AndroidDriver
Capabilities {appium:appActivity: .MainActivity, appium:appPackage: com.houseofepigenetics.abch..., appium:automationName: UiAutomator2, appium:databaseEnabled: false, appium:desired: {appActivity: .MainActivity, appPackage: com.houseofepigenetics.abch..., automationName: UiAutomator2, deviceName: 1dc3d76f, disableWindowAnimation: true, ignoreHiddenApiPolicyError: true, newCommandTimeout: 300, noReset: true, noSign: true, platformName: ANDROID, skipUnlock: true}, appium:deviceApiLevel: 35, appium:deviceManufacturer: Xiaomi, appium:deviceModel: 24116RNC1I, appium:deviceName: 1dc3d76f, appium:deviceScreenDensity: 320, appium:deviceScreenSize: 720x1640, appium:deviceUDID: 1dc3d76f, appium:disableWindowAnimation: true, appium:ignoreHiddenApiPolicyError: true, appium:javascriptEnabled: true, appium:locationContextEnabled: false, appium:networkConnectionEnabled: true, appium:newCommandTimeout: 300, appium:noReset: true, appium:noSign: true, appium:pixelRatio: 2, appium:platformVersion: 15, appium:skipUnlock: true, appium:statBarHeight: 68, appium:takesScreenshot: true, appium:viewportRect: {height: 1572, left: 0, top: 68, width: 720}, appium:warnings: {}, appium:webStorageEnabled: false, platformName: ANDROID}
Session ID: df72c5a3-0d8a-4c83-8fa0-81c1bcdaffd0
Strategy 2 (XPath click) failed for SKIP FOR NOW: Expected condition failed: waiting for element to be clickable: By.xpath: //android.widget.Button[@content-desc='SKIP FOR NOW'] (tried for 10 second(s) with 500 milliseconds interval)
Build info: version: '4.13.0', revision: 'ba948ece5b*'
System info: os.name: 'Linux', os.arch: 'amd64', os.version: '6.14.0-37-generic', java.version: '11.0.29'
Driver info: io.appium.java_client.android.AndroidDriver
Capabilities {appium:appActivity: .MainActivity, appium:appPackage: com.houseofepigenetics.abch..., appium:automationName: UiAutomator2, appium:databaseEnabled: false, appium:desired: {appActivity: .MainActivity, appPackage: com.houseofepigenetics.abch..., automationName: UiAutomator2, deviceName: 1dc3d76f, disableWindowAnimation: true, ignoreHiddenApiPolicyError: true, newCommandTimeout: 300, noReset: true, noSign: true, platformName: ANDROID, skipUnlock: true}, appium:deviceApiLevel: 35, appium:deviceManufacturer: Xiaomi, appium:deviceModel: 24116RNC1I, appium:deviceName: 1dc3d76f, appium:deviceScreenDensity: 320, appium:deviceScreenSize: 720x1640, appium:deviceUDID: 1dc3d76f, appium:disableWindowAnimation: true, appium:ignoreHiddenApiPolicyError: true, appium:javascriptEnabled: true, appium:locationContextEnabled: false, appium:networkConnectionEnabled: true, appium:newCommandTimeout: 300, appium:noReset: true, appium:noSign: true, appium:pixelRatio: 2, appium:platformVersion: 15, appium:skipUnlock: true, appium:statBarHeight: 68, appium:takesScreenshot: true, appium:viewportRect: {height: 1572, left: 0, top: 68, width: 720}, appium:warnings: {}, appium:webStorageEnabled: false, platformName: ANDROID}
Session ID: df72c5a3-0d8a-4c83-8fa0-81c1bcdaffd0
Strategy 3 (W3C tap) failed for SKIP FOR NOW: Expected condition failed: waiting for presence of element located by: By.xpath: //android.widget.Button[@content-desc='SKIP FOR NOW'] (tried for 10 second(s) with 500 milliseconds interval)
Clicked SKIP FOR NOW using coordinate tap (360, 1391).
Wellbeing Dashboard clicked (newline content-desc)
]]></system-out>
  </testcase>
</testsuite>