<?xml version="1.0" encoding="UTF-8"?>
<testng-results ignored="0" total="1" passed="1" failed="0" skipped="0">
  <reporter-output>
  </reporter-output>
  <suite started-at="2026-02-24T12:30:58 IST" name="Surefire suite" finished-at="2026-02-24T12:32:21 IST" duration-ms="83170">
    <groups>
    </groups>
    <test started-at="2026-02-24T12:30:58 IST" name="Surefire test" finished-at="2026-02-24T12:32:21 IST" duration-ms="83170">
      <class name="com.automation.tests.DataBankTest">
        <test-method is-config="true" signature="setupReport()[pri:0, instance:com.automation.tests.DataBankTest@1d119efb]" started-at="2026-02-24T12:30:58 IST" name="setupReport" finished-at="2026-02-24T12:30:58 IST" duration-ms="229" status="PASS">
          <reporter-output>
          </reporter-output>
        </test-method> <!-- setupReport -->
        <test-method is-config="true" signature="setup(java.lang.reflect.Method)[pri:0, instance:com.automation.tests.DataBankTest@1d119efb]" started-at="2026-02-24T12:30:58 IST" name="setup" finished-at="2026-02-24T12:31:15 IST" duration-ms="17450" status="PASS">
          <params>
            <param index="0">
              <value>
                <![CDATA[public void com.automation.tests.DataBankTest.testDataBank_Case4() throws java.lang.InterruptedException]]>
              </value>
            </param>
          </params>
          <reporter-output>
          </reporter-output>
        </test-method> <!-- setup -->
        <test-method signature="testDataBank_Case4()[pri:4, instance:com.automation.tests.DataBankTest@1d119efb]" started-at="2026-02-24T12:31:15 IST" name="testDataBank_Case4" finished-at="2026-02-24T12:32:18 IST" duration-ms="62607" status="PASS">
          <reporter-output>
          </reporter-output>
        </test-method> <!-- testDataBank_Case4 -->
        <test-method is-config="true" signature="tearDown(org.testng.ITestResult)[pri:0, instance:com.automation.tests.DataBankTest@1d119efb]" started-at="2026-02-24T12:32:18 IST" name="tearDown" finished-at="2026-02-24T12:32:21 IST" duration-ms="3084" status="PASS">
          <params>
            <param index="0">
              <value>
                <![CDATA[[TestResult name=testDataBank_Case4 status=SUCCESS method=DataBankTest.testDataBank_Case4()[pri:4, instance:com.automation.tests.DataBankTest@1d119efb] output={null}]]]>
              </value>
            </param>
          </params>
          <reporter-output>
          </reporter-output>
        </test-method> <!-- tearDown -->
        <test-method is-config="true" signature="tearDownReport()[pri:0, instance:com.automation.tests.DataBankTest@1d119efb]" started-at="2026-02-24T12:32:21 IST" name="tearDownReport" finished-at="2026-02-24T12:32:21 IST" duration-ms="408" status="PASS">
          <reporter-output>
          </reporter-output>
        </test-method> <!-- tearDownReport -->
      </class> <!-- com.automation.tests.DataBankTest -->
    </test> <!-- Surefire test -->
  </suite> <!-- Surefire suite -->
</testng-results>
