<?xml version="1.0" encoding="UTF-8"?>
<testsuite xmlns:xsi="http://www.w3.org/2001/XMLSchema-instance" xsi:noNamespaceSchemaLocation="https://maven.apache.org/surefire/maven-surefire-plugin/xsd/surefire-test-report-3.0.xsd" version="3.0" name="com.automation.tests.EditProfileTest" time="1075.743" tests="13" errors="0" skipped="0" failures="0">
  <properties>
[...]
</properties>
  <testcase name="testEditProfileWithDateGenderCountry" classname="com.automation.tests.EditProfileTest" time="109.963">
    <system-out><![CDATA[⏭ Skipping resetAppToHomePage for EditProfileTest - uses custom navigation
Successfully swiped SeekBar 1
Successfully swiped SeekBar 2
Could not find or swipe SeekBar at position: 3
Clicked CONFIRM button on date picker
]]></system-out>
    <system-err><![CDATA[SLF4J: No SLF4J providers were found.
SLF4J: Defaulting to no-operation (NOP) logger implementation
SLF4J: See https://www.slf4j.org/codes.html#noProviders for further details.
]]></system-err>
  </testcase>
  <testcase name="testNegativeEditProfile[Email Without @, John Doe, testexample.com, 123456789](1)" classname="com.automation.tests.EditProfileTest" time="74.907">
    <system-out><![CDATA[⏭ Skipping resetAppToHomePage for EditProfileTest - uses custom navigation
Successfully swiped SeekBar 1
Successfully swiped SeekBar 2
Could not find or swipe SeekBar at position: 3
Clicked CONFIRM button on date picker
]]></system-out>
  </testcase>
  <testcase name="testNegativeEditProfile[Email Without Domain, John Doe, test@, 123456789](2)" classname="com.automation.tests.EditProfileTest" time="73.347">
    <system-out><![CDATA[⏭ Skipping resetAppToHomePage for EditProfileTest - uses custom navigation
Successfully swiped SeekBar 1
Successfully swiped SeekBar 2
Could not find or swipe SeekBar at position: 3
Clicked CONFIRM button on date picker
]]></system-out>
  </testcase>
  <testcase name="testNegativeEditProfile[Invalid Phone - Letters, John Doe, test@example.com, abcdefgh](3)" classname="com.automation.tests.EditProfileTest" time="75.231">
    <system-out><![CDATA[⏭ Skipping resetAppToHomePage for EditProfileTest - uses custom navigation
Successfully swiped SeekBar 1
Successfully swiped SeekBar 2
Could not find or swipe SeekBar at position: 3
Clicked CONFIRM button on date picker
]]></system-out>
  </testcase>
  <testcase name="testNegativeEditProfile[Short Phone Number, John Doe, test@example.com, 12](4)" classname="com.automation.tests.EditProfileTest" time="74.568">
    <system-out><![CDATA[⏭ Skipping resetAppToHomePage for EditProfileTest - uses custom navigation
Successfully swiped SeekBar 1
Successfully swiped SeekBar 2
Could not find or swipe SeekBar at position: 3
Clicked CONFIRM button on date picker
]]></system-out>
  </testcase>
  <testcase name="testNegativeEditProfile[Invalid Email Format, John Doe, invalidemail, 123456789](5)" classname="com.automation.tests.EditProfileTest" time="73.581">
    <system-out><![CDATA[⏭ Skipping resetAppToHomePage for EditProfileTest - uses custom navigation
Successfully swiped SeekBar 1
Successfully swiped SeekBar 2
Could not find or swipe SeekBar at position: 3
Clicked CONFIRM button on date picker
]]></system-out>
  </testcase>
  <testcase name="testNegativeEditProfile[Empty Name Field, , test@example.com, 123456789](6)" classname="com.automation.tests.EditProfileTest" time="75.096">
    <system-out><![CDATA[⏭ Skipping resetAppToHomePage for EditProfileTest - uses custom navigation
Successfully swiped SeekBar 1
Successfully swiped SeekBar 2
Could not find or swipe SeekBar at position: 3
Clicked CONFIRM button on date picker
]]></system-out>
  </testcase>
  <testcase name="testNegativeEditProfile[Empty Email Field, John Doe, , 123456789](7)" classname="com.automation.tests.EditProfileTest" time="75.165">
    <system-out><![CDATA[⏭ Skipping resetAppToHomePage for EditProfileTest - uses custom navigation
Successfully swiped SeekBar 1
Successfully swiped SeekBar 2
Could not find or swipe SeekBar at position: 3
Clicked CONFIRM button on date picker
]]></system-out>
  </testcase>
  <testcase name="testNegativeEditProfile[Empty Phone Number, John Doe, test@example.com, ](8)" classname="com.automation.tests.EditProfileTest" time="67.393">
    <system-out><![CDATA[⏭ Skipping resetAppToHomePage for EditProfileTest - uses custom navigation
Successfully swiped SeekBar 1
Successfully swiped SeekBar 2
Could not find or swipe SeekBar at position: 3
Clicked CONFIRM button on date picker
]]></system-out>
  </testcase>
  <testcase name="testChangePassword[Wrong Old Password Validation, Testing@2025, Testing@2026, Testing@2026, //android.view.View[@content-desc=&apos;Wrong password. Please enter correct password&apos;]](1)" classname="com.automation.tests.EditProfileTest" time="67.886">
    <system-out><![CDATA[⏭ Skipping resetAppToHomePage for EditProfileTest - uses custom navigation
]]></system-out>
  </testcase>
  <testcase name="testChangePassword[Weak Password Validation, Testing@2026, test2026, test2026, //android.view.View[@content-desc=&apos;Use at least 8 characters with uppercase, lowercase, number, and special symbol.&apos;]](2)" classname="com.automation.tests.EditProfileTest" time="68.577">
    <system-out><![CDATA[⏭ Skipping resetAppToHomePage for EditProfileTest - uses custom navigation
]]></system-out>
  </testcase>
  <testcase name="testChangePassword[Same Old and New Password Validation, Testing@2026, Testing@2026, Testing@2026, //android.view.View[@content-desc=&apos;Current and new password cannot be the same.&apos;]](3)" classname="com.automation.tests.EditProfileTest" time="67.717">
    <system-out><![CDATA[⏭ Skipping resetAppToHomePage for EditProfileTest - uses custom navigation
]]></system-out>
  </testcase>
  <testcase name="testChangePassword[Valid Change Password, Testing@2026, Human@2026, Human@2026, SUCCESS](4)" classname="com.automation.tests.EditProfileTest" time="70.881">
    <system-out><![CDATA[⏭ Skipping resetAppToHomePage for EditProfileTest - uses custom navigation
]]></system-out>
  </testcase>
</testsuite>