<?xml version="1.0" encoding="UTF-8"?>
<testng-results ignored="0" total="1" passed="1" failed="0" skipped="0">
  <reporter-output>
  </reporter-output>
  <suite started-at="2026-02-25T15:10:47 IST" name="Surefire suite" finished-at="2026-02-25T15:13:09 IST" duration-ms="142189">
    <groups>
    </groups>
    <test started-at="2026-02-25T15:10:47 IST" name="Surefire test" finished-at="2026-02-25T15:13:09 IST" duration-ms="142189">
      <class name="com.automation.tests.AbChopraHouseTest">
        <test-method is-config="true" signature="setupReport()[pri:0, instance:com.automation.tests.AbChopraHouseTest@6af93788]" started-at="2026-02-25T15:10:46 IST" name="setupReport" finished-at="2026-02-25T15:10:47 IST" duration-ms="207" status="PASS">
          <reporter-output>
          </reporter-output>
        </test-method> <!-- setupReport -->
        <test-method is-config="true" signature="setup(java.lang.reflect.Method)[pri:0, instance:com.automation.tests.AbChopraHouseTest@6af93788]" started-at="2026-02-25T15:10:47 IST" name="setup" finished-at="2026-02-25T15:10:57 IST" duration-ms="10286" status="PASS">
          <params>
            <param index="0">
              <value>
                <![CDATA[public void com.automation.tests.AbChopraHouseTest.testAbChopraHouse_Case1() throws java.lang.InterruptedException]]>
              </value>
            </param>
          </params>
          <reporter-output>
          </reporter-output>
        </test-method> <!-- setup -->
        <test-method signature="testAbChopraHouse_Case1()[pri:1, instance:com.automation.tests.AbChopraHouseTest@6af93788]" started-at="2026-02-25T15:10:57 IST" name="testAbChopraHouse_Case1" finished-at="2026-02-25T15:13:06 IST" duration-ms="128958" status="PASS">
          <reporter-output>
          </reporter-output>
        </test-method> <!-- testAbChopraHouse_Case1 -->
        <test-method is-config="true" signature="tearDown(org.testng.ITestResult)[pri:0, instance:com.automation.tests.AbChopraHouseTest@6af93788]" started-at="2026-02-25T15:13:06 IST" name="tearDown" finished-at="2026-02-25T15:13:09 IST" duration-ms="2913" status="PASS">
          <params>
            <param index="0">
              <value>
                <![CDATA[[TestResult name=testAbChopraHouse_Case1 status=SUCCESS method=AbChopraHouseTest.testAbChopraHouse_Case1()[pri:1, instance:com.automation.tests.AbChopraHouseTest@6af93788] output={null}]]]>
              </value>
            </param>
          </params>
          <reporter-output>
          </reporter-output>
        </test-method> <!-- tearDown -->
        <test-method is-config="true" signature="tearDownReport()[pri:0, instance:com.automation.tests.AbChopraHouseTest@6af93788]" started-at="2026-02-25T15:13:09 IST" name="tearDownReport" finished-at="2026-02-25T15:13:09 IST" duration-ms="182" status="PASS">
          <reporter-output>
          </reporter-output>
        </test-method> <!-- tearDownReport -->
      </class> <!-- com.automation.tests.AbChopraHouseTest -->
    </test> <!-- Surefire test -->
  </suite> <!-- Surefire suite -->
</testng-results>
