<?xml version="1.0" encoding="UTF-8"?>
<!-- Generated by org.testng.reporters.JUnitReportReporter -->
<testsuite hostname="nd-Latitude-5420" failures="0" tests="8" name="com.automation.tests.SignInTest" time="631.521" errors="0" timestamp="2026-02-23T14:35:15 IST" skipped="0">
  <testcase classname="com.automation.tests.SignInTest" name="testNegativeSignIn" time="125.320"/>
  <testcase classname="com.automation.tests.SignInTest" name="testPositiveSignIn" time="118.257"/>
  <testcase classname="com.automation.tests.SignInTest" name="testNegativeSignIn" time="34.462"/>
  <testcase classname="com.automation.tests.SignInTest" name="testNegativeSignIn" time="125.636"/>
  <testcase classname="com.automation.tests.SignInTest" name="testNegativeSignIn" time="33.880"/>
  <testcase classname="com.automation.tests.SignInTest" name="testNegativeSignIn" time="125.990"/>
  <testcase classname="com.automation.tests.SignInTest" name="testNegativeSignIn" time="33.317"/>
  <testcase classname="com.automation.tests.SignInTest" name="testNegativeSignIn" time="34.659"/>
</testsuite> <!-- com.automation.tests.SignInTest -->
