<?xml version="1.0" encoding="UTF-8"?>
<!-- Generated by org.testng.reporters.JUnitReportReporter -->
<testsuite hostname="nd-Latitude-5420" failures="0" tests="4" name="com.automation.tests.DataBankTest" time="513.545" errors="0" timestamp="2026-02-24T18:04:12 IST" skipped="0">
  <testcase classname="com.automation.tests.DataBankTest" name="testDataBank_Case1" time="289.433"/>
  <testcase classname="com.automation.tests.DataBankTest" name="testDataBank_Case2" time="95.364"/>
  <testcase classname="com.automation.tests.DataBankTest" name="testDataBank_Case3" time="50.711"/>
  <testcase classname="com.automation.tests.DataBankTest" name="testDataBank_Case4" time="78.037"/>
</testsuite> <!-- com.automation.tests.DataBankTest -->
