<?xml version="1.0" encoding="UTF-8"?>
<!-- Generated by org.testng.reporters.JUnitReportReporter -->
<testsuite hostname="KATHIR" failures="0" tests="12" name="com.automation.tests.EditProfileTest" time="1462.613" errors="0" timestamp="2026-02-20T17:54:00 IST" skipped="0">
  <testcase classname="com.automation.tests.EditProfileTest" name="testNegativeEditProfile" time="127.523"/>
  <testcase classname="com.automation.tests.EditProfileTest" name="testNegativeEditProfile" time="127.047"/>
  <testcase classname="com.automation.tests.EditProfileTest" name="testNegativeEditProfile" time="128.918"/>
  <testcase classname="com.automation.tests.EditProfileTest" name="testNegativeEditProfile" time="129.137"/>
  <testcase classname="com.automation.tests.EditProfileTest" name="testNegativeEditProfile" time="179.113"/>
  <testcase classname="com.automation.tests.EditProfileTest" name="testNegativeEditProfile" time="127.870"/>
  <testcase classname="com.automation.tests.EditProfileTest" name="testNegativeEditProfile" time="126.825"/>
  <testcase classname="com.automation.tests.EditProfileTest" name="testNegativeEditProfile" time="106.960"/>
  <testcase classname="com.automation.tests.EditProfileTest" name="testChangePassword" time="103.197"/>
  <testcase classname="com.automation.tests.EditProfileTest" name="testChangePassword" time="101.507"/>
  <testcase classname="com.automation.tests.EditProfileTest" name="testChangePassword" time="102.131"/>
  <testcase classname="com.automation.tests.EditProfileTest" name="testChangePassword" time="102.385"/>
</testsuite> <!-- com.automation.tests.EditProfileTest -->
