<?xml version="1.0" encoding="UTF-8"?>
<!-- Generated by org.testng.reporters.JUnitReportReporter -->
<testsuite hostname="nd-Latitude-5420" failures="0" tests="5" name="com.automation.tests.ProfileTest" time="320.847" errors="0" timestamp="2026-02-23T18:15:13 IST" skipped="0">
  <testcase classname="com.automation.tests.ProfileTest" name="testMyOrders_TrackOrder" time="54.411"/>
  <testcase classname="com.automation.tests.ProfileTest" name="testMyOrders_SendSample" time="63.025"/>
  <testcase classname="com.automation.tests.ProfileTest" name="testHelpSupport_AllSections" time="90.987"/>
  <testcase classname="com.automation.tests.ProfileTest" name="testLegalInformation_AllSections" time="60.797"/>
  <testcase classname="com.automation.tests.ProfileTest" name="testLogout" time="51.627"/>
</testsuite> <!-- com.automation.tests.ProfileTest -->
