<?xml version="1.0" encoding="UTF-8"?>
<!-- Generated by org.testng.reporters.JUnitReportReporter -->
<testsuite hostname="KATHIR" failures="0" tests="4" name="com.automation.tests.DataBankTest" time="178.158" errors="0" timestamp="2025-12-31T09:54:48 IST" skipped="0">
  <testcase classname="com.automation.tests.DataBankTest" name="testDataBank_Case1" time="19.990"/>
  <testcase classname="com.automation.tests.DataBankTest" name="testDataBank_Case2" time="84.829"/>
  <testcase classname="com.automation.tests.DataBankTest" name="testDataBank_Case3" time="38.475"/>
  <testcase classname="com.automation.tests.DataBankTest" name="testDataBank_Case4" time="34.864"/>
</testsuite> <!-- com.automation.tests.DataBankTest -->
