<?xml version="1.0" encoding="UTF-8"?>
<!-- Generated by org.testng.reporters.JUnitReportReporter -->
<testsuite hostname="KATHIR" failures="0" tests="13" name="com.automation.tests.EditProfileTest" time="1074.323" errors="0" timestamp="2026-01-03T17:53:39 IST" skipped="0">
  <testcase classname="com.automation.tests.EditProfileTest" name="testNegativeEditProfile" time="82.716"/>
  <testcase classname="com.automation.tests.EditProfileTest" name="testNegativeEditProfile" time="81.066"/>
  <testcase classname="com.automation.tests.EditProfileTest" name="testNegativeEditProfile" time="82.383"/>
  <testcase classname="com.automation.tests.EditProfileTest" name="testNegativeEditProfile" time="82.295"/>
  <testcase classname="com.automation.tests.EditProfileTest" name="testNegativeEditProfile" time="82.690"/>
  <testcase classname="com.automation.tests.EditProfileTest" name="testNegativeEditProfile" time="80.706"/>
  <testcase classname="com.automation.tests.EditProfileTest" name="testNegativeEditProfile" time="82.535"/>
  <testcase classname="com.automation.tests.EditProfileTest" name="testNegativeEditProfile" time="74.753"/>
  <testcase classname="com.automation.tests.EditProfileTest" name="testEditProfileWithDateGenderCountry" time="120.523"/>
  <testcase classname="com.automation.tests.EditProfileTest" name="testChangePassword" time="75.887"/>
  <testcase classname="com.automation.tests.EditProfileTest" name="testChangePassword" time="75.077"/>
  <testcase classname="com.automation.tests.EditProfileTest" name="testChangePassword" time="75.445"/>
  <testcase classname="com.automation.tests.EditProfileTest" name="testChangePassword" time="78.247"/>
</testsuite> <!-- com.automation.tests.EditProfileTest -->
