<?xml version="1.0" encoding="UTF-8"?>
<!-- Generated by org.testng.reporters.JUnitXMLReporter -->
<testsuite ignored="0" hostname="KATHIR" failures="0" tests="13" name="Surefire test" time="1074.408" errors="0" timestamp="2026-01-03T17:53:38 IST">
  <testcase classname="com.automation.tests.EditProfileTest" name="testEditProfileWithDateGenderCountry" time="109.964"/>
  <testcase classname="com.automation.tests.EditProfileTest" name="testNegativeEditProfile" time="74.909"/>
  <testcase classname="com.automation.tests.EditProfileTest" name="testNegativeEditProfile" time="73.346"/>
  <testcase classname="com.automation.tests.EditProfileTest" name="testNegativeEditProfile" time="75.231"/>
  <testcase classname="com.automation.tests.EditProfileTest" name="testNegativeEditProfile" time="74.569"/>
  <testcase classname="com.automation.tests.EditProfileTest" name="testNegativeEditProfile" time="73.58"/>
  <testcase classname="com.automation.tests.EditProfileTest" name="testNegativeEditProfile" time="75.097"/>
  <testcase classname="com.automation.tests.EditProfileTest" name="testNegativeEditProfile" time="75.166"/>
  <testcase classname="com.automation.tests.EditProfileTest" name="testNegativeEditProfile" time="67.393"/>
  <testcase classname="com.automation.tests.EditProfileTest" name="testChangePassword" time="67.886"/>
  <testcase classname="com.automation.tests.EditProfileTest" name="testChangePassword" time="68.577"/>
  <testcase classname="com.automation.tests.EditProfileTest" name="testChangePassword" time="67.717"/>
  <testcase classname="com.automation.tests.EditProfileTest" name="testChangePassword" time="70.881"/>
</testsuite> <!-- Surefire test -->
