<?xml version="1.0" encoding="UTF-8"?>
<!-- Generated by org.testng.reporters.JUnitXMLReporter -->
<testsuite ignored="0" hostname="KATHIR" failures="0" tests="12" name="Surefire test" time="1462.669" errors="0" timestamp="2026-02-20T17:53:59 IST">
  <testcase classname="com.automation.tests.EditProfileTest" name="testNegativeEditProfile" time="170.333"/>
  <testcase classname="com.automation.tests.EditProfileTest" name="testNegativeEditProfile" time="120.745"/>
  <testcase classname="com.automation.tests.EditProfileTest" name="testNegativeEditProfile" time="119.623"/>
  <testcase classname="com.automation.tests.EditProfileTest" name="testNegativeEditProfile" time="119.392"/>
  <testcase classname="com.automation.tests.EditProfileTest" name="testNegativeEditProfile" time="119.61"/>
  <testcase classname="com.automation.tests.EditProfileTest" name="testNegativeEditProfile" time="118.632"/>
  <testcase classname="com.automation.tests.EditProfileTest" name="testNegativeEditProfile" time="118.962"/>
  <testcase classname="com.automation.tests.EditProfileTest" name="testNegativeEditProfile" time="98.641"/>
  <testcase classname="com.automation.tests.EditProfileTest" name="testChangePassword" time="92.896"/>
  <testcase classname="com.automation.tests.EditProfileTest" name="testChangePassword" time="93.914"/>
  <testcase classname="com.automation.tests.EditProfileTest" name="testChangePassword" time="93.048"/>
  <testcase classname="com.automation.tests.EditProfileTest" name="testChangePassword" time="94.363"/>
</testsuite> <!-- Surefire test -->
