<?xml version="1.0" encoding="UTF-8"?>
<!-- Generated by org.testng.reporters.JUnitXMLReporter -->
<testsuite ignored="0" hostname="KATHIR" failures="1" tests="1" name="AbChopraHouse Tests" time="50.157" errors="0" timestamp="2026-01-08T19:09:32 IST">
  <testcase classname="com.automation.tests.AbChopraHouseTest" name="testAbChopraHouse_Case1" time="38.72">
    <failure type="java.lang.RuntimeException" message="AB CHOPRA HOUSE button not found">
      <![CDATA[java.lang.RuntimeException: AB CHOPRA HOUSE button not found
at com.automation.pages.AbChopraHousePage.clickAbChopraHouse(AbChopraHousePage.java:126)
at com.automation.tests.AbChopraHouseTest.testAbChopraHouse_Case1(AbChopraHouseTest.java:82)
at java.base/java.util.ArrayList.forEach(ArrayList.java:1541)
Caused by: org.openqa.selenium.TimeoutException: Expected condition failed: waiting for element to be clickable: By.xpath: //android.view.View[@content-desc="AB CHOPRA HOUSE"] (tried for 10 second(s) with 500 milliseconds interval)
Build info: version: '4.13.0', revision: 'ba948ece5b*'
System info: os.name: 'Linux', os.arch: 'amd64', os.version: '6.14.0-37-generic', java.version: '11.0.29'
Driver info: io.appium.java_client.android.AndroidDriver
Capabilities {appium:appActivity: .MainActivity, appium:appPackage: com.houseofepigenetics.abch..., appium:automationName: UiAutomator2, appium:databaseEnabled: false, appium:desired: {appActivity: .MainActivity, appPackage: com.houseofepigenetics.abch..., automationName: UiAutomator2, deviceName: 1dc3d76f, disableWindowAnimation: true, ignoreHiddenApiPolicyError: true, newCommandTimeout: 300, noReset: true, noSign: true, platformName: ANDROID, skipUnlock: true}, appium:deviceApiLevel: 35, appium:deviceManufacturer: vivo, appium:deviceModel: V2404, appium:deviceName: 10BE9K224M001TD, appium:deviceScreenDensity: 440, appium:deviceScreenSize: 1080x2392, appium:deviceUDID: 10BE9K224M001TD, appium:disableWindowAnimation: true, appium:ignoreHiddenApiPolicyError: true, appium:javascriptEnabled: true, appium:locationContextEnabled: false, appium:networkConnectionEnabled: true, appium:newCommandTimeout: 300, appium:noReset: true, appium:noSign: true, appium:pixelRatio: 2.75, appium:platformVersion: 15, appium:skipUnlock: true, appium:statBarHeight: 105, appium:takesScreenshot: true, appium:viewportRect: {height: 2287, left: 0, top: 105, width: 1080}, appium:warnings: {}, appium:webStorageEnabled: false, platformName: ANDROID}
Session ID: 67653846-3e81-44d3-b731-b8e74eeacaa6
at org.openqa.selenium.support.ui.WebDriverWait.timeoutException(WebDriverWait.java:84)
at org.openqa.selenium.support.ui.FluentWait.until(FluentWait.java:230)
at com.automation.pages.AbChopraHousePage.clickAbChopraHouse(AbChopraHousePage.java:123)
... 33 more
... Removed 31 stack frames]]>
    </failure>
  </testcase> <!-- testAbChopraHouse_Case1 -->
</testsuite> <!-- AbChopraHouse Tests -->
