<?xml version="1.0" encoding="UTF-8"?>
<!-- Generated by org.testng.reporters.JUnitXMLReporter -->
<testsuite ignored="0" hostname="KATHIR" failures="1" tests="1" name="DailyPrescription Tests - Run 2" time="27.011" errors="0" timestamp="2026-01-08T19:08:42 IST">
  <testcase classname="com.automation.tests.DailyPrescriptionTest" name="testScheduleTimeAndFileCreation" time="14.963">
    <failure type="java.lang.AssertionError" message="Home page validation failed - DAILY PRIORITY heading not displayed">
      <![CDATA[java.lang.AssertionError: Home page validation failed - DAILY PRIORITY heading not displayed
at com.automation.tests.DailyPrescriptionTest.testScheduleTimeAndFileCreation(DailyPrescriptionTest.java:25)
at java.base/java.util.ArrayList.forEach(ArrayList.java:1541)
... Removed 32 stack frames]]>
    </failure>
  </testcase> <!-- testScheduleTimeAndFileCreation -->
</testsuite> <!-- DailyPrescription Tests - Run 2 -->
