<?xml version="1.0" encoding="UTF-8"?>
<!-- Generated by org.testng.reporters.JUnitXMLReporter -->
<testsuite ignored="0" hostname="KATHIR" failures="1" tests="1" name="DailyPrescription Tests - Run 1" time="83.969" errors="0" timestamp="2026-01-08T19:02:49 IST">
  <testcase classname="com.automation.tests.DailyPrescriptionTest" name="testScheduleTimeAndFileCreation" time="72.128">
    <failure type="java.lang.AssertionError" message="Test execution failed: Add to File radio icon not found">
      <![CDATA[java.lang.AssertionError: Test execution failed: Add to File radio icon not found
at com.automation.tests.DailyPrescriptionTest.testScheduleTimeAndFileCreation(DailyPrescriptionTest.java:183)
at java.base/java.util.ArrayList.forEach(ArrayList.java:1541)
... Removed 32 stack frames]]>
    </failure>
  </testcase> <!-- testScheduleTimeAndFileCreation -->
</testsuite> <!-- DailyPrescription Tests - Run 1 -->
