<?xml version="1.0" encoding="UTF-8"?>
<!-- Generated by org.testng.reporters.JUnitXMLReporter -->
<testsuite ignored="0" hostname="KATHIR" failures="3" tests="4" name="DataBank Tests" time="325.885" errors="0" timestamp="2026-01-08T19:08:15 IST">
  <testcase classname="com.automation.tests.DataBankTest" name="testDataBank_Case1" time="183.033"/>
  <testcase classname="com.automation.tests.DataBankTest" name="testDataBank_Case2" time="39.134">
    <failure type="java.lang.RuntimeException" message="Failed to navigate file picker or select file in Step 8">
      <![CDATA[java.lang.RuntimeException: Failed to navigate file picker or select file in Step 8
at com.automation.pages.DataBankPage.uploadWrongFormatFile(DataBankPage.java:293)
at com.automation.tests.DataBankTest.testDataBank_Case2(DataBankTest.java:370)
at java.base/java.util.ArrayList.forEach(ArrayList.java:1541)
Caused by: org.openqa.selenium.TimeoutException: Expected condition failed: waiting for element to be clickable: By.xpath: //android.widget.TextView[@text='Download'] (tried for 10 second(s) with 500 milliseconds interval)
Build info: version: '4.13.0', revision: 'ba948ece5b*'
System info: os.name: 'Linux', os.arch: 'amd64', os.version: '6.14.0-37-generic', java.version: '11.0.29'
Driver info: io.appium.java_client.android.AndroidDriver
Capabilities {appium:appActivity: .MainActivity, appium:appPackage: com.houseofepigenetics.abch..., appium:automationName: UiAutomator2, appium:databaseEnabled: false, appium:desired: {appActivity: .MainActivity, appPackage: com.houseofepigenetics.abch..., automationName: UiAutomator2, deviceName: 1dc3d76f, disableWindowAnimation: true, ignoreHiddenApiPolicyError: true, newCommandTimeout: 300, noReset: true, noSign: true, platformName: ANDROID, skipUnlock: true}, appium:deviceApiLevel: 35, appium:deviceManufacturer: vivo, appium:deviceModel: V2404, appium:deviceName: 10BE9K224M001TD, appium:deviceScreenDensity: 440, appium:deviceScreenSize: 1080x2392, appium:deviceUDID: 10BE9K224M001TD, appium:disableWindowAnimation: true, appium:ignoreHiddenApiPolicyError: true, appium:javascriptEnabled: true, appium:locationContextEnabled: false, appium:networkConnectionEnabled: true, appium:newCommandTimeout: 300, appium:noReset: true, appium:noSign: true, appium:pixelRatio: 2.75, appium:platformVersion: 15, appium:skipUnlock: true, appium:statBarHeight: 105, appium:takesScreenshot: true, appium:viewportRect: {height: 2287, left: 0, top: 105, width: 1080}, appium:warnings: {}, appium:webStorageEnabled: false, platformName: ANDROID}
Session ID: a3f95959-52f8-4647-b2ae-f3acdc3f3303
at org.openqa.selenium.support.ui.WebDriverWait.timeoutException(WebDriverWait.java:84)
at org.openqa.selenium.support.ui.FluentWait.until(FluentWait.java:230)
at com.automation.pages.DataBankPage.uploadWrongFormatFile(DataBankPage.java:267)
... 33 more
... Removed 31 stack frames]]>
    </failure>
  </testcase> <!-- testDataBank_Case2 -->
  <testcase classname="com.automation.tests.DataBankTest" name="testDataBank_Case3" time="13.536">
    <failure type="java.lang.AssertionError" message="Home page validation failed - DAILY PRIORITY heading not displayed">
      <![CDATA[java.lang.AssertionError: Home page validation failed - DAILY PRIORITY heading not displayed
at com.automation.tests.DataBankTest.testDataBank_Case3(DataBankTest.java:482)
at java.base/java.util.ArrayList.forEach(ArrayList.java:1541)
... Removed 32 stack frames]]>
    </failure>
  </testcase> <!-- testDataBank_Case3 -->
  <testcase classname="com.automation.tests.DataBankTest" name="testDataBank_Case4" time="47.012">
    <failure type="java.lang.RuntimeException" message="Failed to navigate to/verify Data Bank in Step 3">
      <![CDATA[java.lang.RuntimeException: Failed to navigate to/verify Data Bank in Step 3
at com.automation.pages.DataBankPage.clickAndVerifyDataBank(DataBankPage.java:146)
at com.automation.tests.DataBankTest.testDataBank_Case4(DataBankTest.java:621)
at java.base/java.util.ArrayList.forEach(ArrayList.java:1541)
Caused by: org.openqa.selenium.TimeoutException: Expected condition failed: waiting for element to be clickable: By.xpath: //android.view.View[@content-desc="DATA BANK"] (tried for 10 second(s) with 500 milliseconds interval)
Build info: version: '4.13.0', revision: 'ba948ece5b*'
System info: os.name: 'Linux', os.arch: 'amd64', os.version: '6.14.0-37-generic', java.version: '11.0.29'
Driver info: io.appium.java_client.android.AndroidDriver
Capabilities {appium:appActivity: .MainActivity, appium:appPackage: com.houseofepigenetics.abch..., appium:automationName: UiAutomator2, appium:databaseEnabled: false, appium:desired: {appActivity: .MainActivity, appPackage: com.houseofepigenetics.abch..., automationName: UiAutomator2, deviceName: 1dc3d76f, disableWindowAnimation: true, ignoreHiddenApiPolicyError: true, newCommandTimeout: 300, noReset: true, noSign: true, platformName: ANDROID, skipUnlock: true}, appium:deviceApiLevel: 35, appium:deviceManufacturer: vivo, appium:deviceModel: V2404, appium:deviceName: 10BE9K224M001TD, appium:deviceScreenDensity: 440, appium:deviceScreenSize: 1080x2392, appium:deviceUDID: 10BE9K224M001TD, appium:disableWindowAnimation: true, appium:ignoreHiddenApiPolicyError: true, appium:javascriptEnabled: true, appium:locationContextEnabled: false, appium:networkConnectionEnabled: true, appium:newCommandTimeout: 300, appium:noReset: true, appium:noSign: true, appium:pixelRatio: 2.75, appium:platformVersion: 15, appium:skipUnlock: true, appium:statBarHeight: 105, appium:takesScreenshot: true, appium:viewportRect: {height: 2287, left: 0, top: 105, width: 1080}, appium:warnings: {}, appium:webStorageEnabled: false, platformName: ANDROID}
Session ID: 8be5e62d-ef7d-4965-9f5b-a9efc4b951e4
at org.openqa.selenium.support.ui.WebDriverWait.timeoutException(WebDriverWait.java:84)
at org.openqa.selenium.support.ui.FluentWait.until(FluentWait.java:230)
at com.automation.pages.DataBankPage.clickAndVerifyDataBank(DataBankPage.java:130)
... 33 more
... Removed 31 stack frames]]>
    </failure>
  </testcase> <!-- testDataBank_Case4 -->
</testsuite> <!-- DataBank Tests -->
