<?xml version="1.0" encoding="UTF-8"?>
<!-- Generated by org.testng.reporters.JUnitXMLReporter -->
<testsuite ignored="0" hostname="KATHIR" failures="0" tests="13" name="EditProfile Tests" time="1079.542" errors="0" timestamp="2026-01-08T19:01:25 IST">
  <testcase classname="com.automation.tests.EditProfileTest" name="testEditProfileWithDateGenderCountry" time="101.472"/>
  <testcase classname="com.automation.tests.EditProfileTest" name="testNegativeEditProfile" time="77.62"/>
  <testcase classname="com.automation.tests.EditProfileTest" name="testNegativeEditProfile" time="78.539"/>
  <testcase classname="com.automation.tests.EditProfileTest" name="testNegativeEditProfile" time="77.732"/>
  <testcase classname="com.automation.tests.EditProfileTest" name="testNegativeEditProfile" time="79.043"/>
  <testcase classname="com.automation.tests.EditProfileTest" name="testNegativeEditProfile" time="78.353"/>
  <testcase classname="com.automation.tests.EditProfileTest" name="testNegativeEditProfile" time="79.341"/>
  <testcase classname="com.automation.tests.EditProfileTest" name="testNegativeEditProfile" time="79.392"/>
  <testcase classname="com.automation.tests.EditProfileTest" name="testNegativeEditProfile" time="69.888"/>
  <testcase classname="com.automation.tests.EditProfileTest" name="testChangePassword" time="69.073"/>
  <testcase classname="com.automation.tests.EditProfileTest" name="testChangePassword" time="69.585"/>
  <testcase classname="com.automation.tests.EditProfileTest" name="testChangePassword" time="68.432"/>
  <testcase classname="com.automation.tests.EditProfileTest" name="testChangePassword" time="71.392"/>
</testsuite> <!-- EditProfile Tests -->
