<?xml version="1.0" encoding="UTF-8"?>
<!-- Generated by org.testng.reporters.JUnitXMLReporter -->
<testsuite ignored="0" hostname="KATHIR" failures="1" tests="1" name="ForgotPassword Tests" time="217.536" errors="0" timestamp="2026-01-08T19:18:05 IST">
  <testcase classname="com.automation.tests.ForgotPasswordTest" name="testForgotPasswordFlow" time="202.863">
    <failure type="java.lang.AssertionError" message="SIGN IN page should be displayed expected [true] but found [false]">
      <![CDATA[java.lang.AssertionError: SIGN IN page should be displayed expected [true] but found [false]
at com.automation.tests.ForgotPasswordTest.testForgotPasswordFlow(ForgotPasswordTest.java:337)
at java.base/java.util.ArrayList.forEach(ArrayList.java:1541)
... Removed 34 stack frames]]>
    </failure>
  </testcase> <!-- testForgotPasswordFlow -->
</testsuite> <!-- ForgotPassword Tests -->
