<?xml version="1.0" encoding="UTF-8"?>
<!-- Generated by org.testng.reporters.JUnitXMLReporter -->
<testsuite ignored="0" hostname="KATHIR" failures="0" tests="5" name="Profile Tests" time="295.347" errors="0" timestamp="2026-01-08T19:14:28 IST">
  <testcase classname="com.automation.tests.ProfileTest" name="testMyOrders_TrackOrder" time="41.617"/>
  <testcase classname="com.automation.tests.ProfileTest" name="testMyOrders_SendSample" time="49.204"/>
  <testcase classname="com.automation.tests.ProfileTest" name="testHelpSupport_AllSections" time="72.096"/>
  <testcase classname="com.automation.tests.ProfileTest" name="testLegalInformation_AllSections" time="46.756"/>
  <testcase classname="com.automation.tests.ProfileTest" name="testLogout" time="35.104"/>
</testsuite> <!-- Profile Tests -->
