<?xml version="1.0" encoding="UTF-8"?>
<!-- Generated by org.testng.reporters.JUnitXMLReporter -->
<testsuite ignored="0" hostname="KATHIR" failures="1" tests="8" name="SignIn Tests" time="497.006" errors="0" timestamp="2026-01-08T18:43:26 IST">
  <testcase classname="com.automation.tests.SignInTest" name="testNegativeSignIn" time="17.914"/>
  <testcase classname="com.automation.tests.SignInTest" name="testNegativeSignIn" time="18.198"/>
  <testcase classname="com.automation.tests.SignInTest" name="testNegativeSignIn" time="18.534"/>
  <testcase classname="com.automation.tests.SignInTest" name="testNegativeSignIn" time="111.474"/>
  <testcase classname="com.automation.tests.SignInTest" name="testNegativeSignIn" time="110.791"/>
  <testcase classname="com.automation.tests.SignInTest" name="testNegativeSignIn" time="109.631"/>
  <testcase classname="com.automation.tests.SignInTest" name="testNegativeSignIn" time="19.092"/>
  <testcase classname="com.automation.tests.SignInTest" name="testPositiveSignIn" time="25.466">
    <failure type="java.lang.AssertionError" message="Expected to navigate to &amp;apos;LINK DEVICES&amp;apos; page after valid login">
      <![CDATA[java.lang.AssertionError: Expected to navigate to 'LINK DEVICES' page after valid login
at com.automation.tests.SignInTest.testPositiveSignIn(SignInTest.java:259)
at java.base/java.util.ArrayList.forEach(ArrayList.java:1541)
... Removed 32 stack frames]]>
    </failure>
  </testcase> <!-- testPositiveSignIn -->
</testsuite> <!-- SignIn Tests -->
