<?xml version="1.0" encoding="UTF-8"?>
<!-- Generated by org.testng.reporters.JUnitXMLReporter -->
<testsuite ignored="0" hostname="KATHIR" failures="0" tests="12" name="SignUp Tests" time="718.616" errors="0" timestamp="2026-01-08T18:35:09 IST">
  <testcase classname="com.automation.tests.SignUpTest" name="testNegativeSignUp" time="31.028"/>
  <testcase classname="com.automation.tests.SignUpTest" name="testNegativeSignUp" time="30.45"/>
  <testcase classname="com.automation.tests.SignUpTest" name="testNegativeSignUp" time="28.038"/>
  <testcase classname="com.automation.tests.SignUpTest" name="testNegativeSignUp" time="86.322"/>
  <testcase classname="com.automation.tests.SignUpTest" name="testNegativeSignUp" time="31.119"/>
  <testcase classname="com.automation.tests.SignUpTest" name="testNegativeSignUp" time="33.277"/>
  <testcase classname="com.automation.tests.SignUpTest" name="testNegativeSignUp" time="85.666"/>
  <testcase classname="com.automation.tests.SignUpTest" name="testNegativeSignUp" time="26.82"/>
  <testcase classname="com.automation.tests.SignUpTest" name="testNegativeSignUp" time="28.786"/>
  <testcase classname="com.automation.tests.SignUpTest" name="testNegativeSignUp" time="85.565"/>
  <testcase classname="com.automation.tests.SignUpTest" name="testNegativeSignUp" time="30.93"/>
  <testcase classname="com.automation.tests.SignUpTest" name="testPositiveSignUp" time="92.809"/>
</testsuite> <!-- SignUp Tests -->
